<?xml version="1.0" encoding="UTF-8"?>
<testsuites name="oddsHistory_manual_ts" time="55" tests="3" failures="0" errors="0">
   <testsuite name="oddsHistory_manual_ts" tests="3" failures="0" errors="0" time="55" timestamp="2018-11-21 10:18:48" hostname="janine.bautista - J9" id="Test Suites/ucf88_ts/backoffice/oddsHistory (P)/oddsHistory_manual_ts">
      <properties>
         <property name="deviceName" value=""/>
         <property name="devicePlatform" value=""/>
         <property name="logFolder" value="C:\\Users\\janine.bautista\\git\\CLICKPLAY\\Reports\\ucf88_ts\\backoffice\\oddsHistory (P)\\oddsHistory_manual_ts\\20181121_101847"/>
         <property name="logFiles" value="C:\\Users\\janine.bautista\\git\\CLICKPLAY\\Reports\\ucf88_ts\\backoffice\\oddsHistory (P)\\oddsHistory_manual_ts\\20181121_101847\\execution0.log"/>
         <property name="attachments" value=""/>
         <property name="hostName" value="janine.bautista - J9"/>
         <property name="os" value="Windows 10 64bit"/>
         <property name="katalonVersion" value="5.8.6.1"/>
         <property name="browser" value="Chrome 70.0.3538.102"/>
         <property name="hostAddress" value="172.16.8.107"/>
         <property name="sessionId" value="931b723db0485458b1cb5a80b6765a21"/>
         <property name="seleniumVersion" value="3.7.1"/>
         <property name="proxyInformation" value="ProxyInformation{proxyOption=NO_PROXY, proxyServerType=HTTP, password=, proxyServerAddress=, proxyServerPort=0}"/>
         <property name="platform" value="Windows 10"/>
      </properties>
      <testcase name="Test Cases/ucf88_tc/backoffice/createArena/createArena_tc" classname="Test Cases/ucf88_tc/backoffice/createArena/createArena_tc" status="PASSED">
         <system-out><![CDATA[2018-11-21 10:18:49 - [TEST_CASE][PASSED] - Test Cases/ucf88_tc/backoffice/createArena/createArena_tc: Test Cases/ucf88_tc/backoffice/createArena/createArena_tc

2018-11-21 10:18:49 - [TEST_STEP][PASSED] - mjpack.loginBackoffice.getLogin: mjpack.loginBackoffice.getLogin is PASSED

2018-11-21 10:18:52 - [MESSAGE][PASSED] - Browser is opened with url: ''

2018-11-21 10:18:54 - [MESSAGE][PASSED] - Navigate to 'http://dev-admin.ucf88.com/login' successfully

2018-11-21 10:18:55 - [MESSAGE][PASSED] - Current window maximized

2018-11-21 10:18:55 - [MESSAGE][PASSED] - Text 'admin' is set on object 'Object Repository/ucf88_or/backoffice/login_or/input_username_bo'

2018-11-21 10:18:55 - [MESSAGE][PASSED] - Text ****** has been set on object 'Object Repository/ucf88_or/backoffice/login_or/input_password_bo'

2018-11-21 10:18:58 - [MESSAGE][PASSED] - Object: 'Object Repository/ucf88_or/backoffice/login_or/button_login_bo' is clicked on

2018-11-21 10:18:58 - [MESSAGE][PASSED] - Object 'Object Repository/ucf88_or/backoffice/header_or/span_admin' is present

2018-11-21 10:18:58 - [MESSAGE][PASSED] - mjpack.loginBackoffice.getLogin is PASSED

2018-11-21 10:18:58 - [TEST_STEP][PASSED] - mouseOver: Object: 'Object Repository/ucf88_or/backoffice/header_or/span_Betting' is hovered

2018-11-21 10:18:58 - [MESSAGE][PASSED] - Object: 'Object Repository/ucf88_or/backoffice/header_or/span_Betting' is hovered

2018-11-21 10:18:58 - [TEST_STEP][PASSED] - verifyElementPresent: Object 'Object Repository/ucf88_or/backoffice/header_or/span_Arena' is present

2018-11-21 10:18:58 - [MESSAGE][PASSED] - Object 'Object Repository/ucf88_or/backoffice/header_or/span_Arena' is present

2018-11-21 10:18:58 - [TEST_STEP][PASSED] - click: Object: 'Object Repository/ucf88_or/backoffice/header_or/span_Arena' is clicked on

2018-11-21 10:18:59 - [MESSAGE][PASSED] - Object: 'Object Repository/ucf88_or/backoffice/header_or/span_Arena' is clicked on

2018-11-21 10:18:59 - [TEST_STEP][PASSED] - click: Object: 'Object Repository/ucf88_or/backoffice/createArena_or/button_createArena' is clicked on

2018-11-21 10:18:59 - [MESSAGE][PASSED] - Object: 'Object Repository/ucf88_or/backoffice/createArena_or/button_createArena' is clicked on

2018-11-21 10:18:59 - [TEST_STEP][PASSED] - delay: Delayed 1 second(s)

2018-11-21 10:19:00 - [MESSAGE][PASSED] - Delayed 1 second(s)

2018-11-21 10:19:00 - [TEST_STEP][PASSED] - setText: Text 'ARENA_TEST1' is set on object 'Object Repository/ucf88_or/backoffice/createArena_or/input_arenaName'

2018-11-21 10:19:00 - [MESSAGE][PASSED] - Text 'ARENA_TEST1' is set on object 'Object Repository/ucf88_or/backoffice/createArena_or/input_arenaName'

2018-11-21 10:19:00 - [TEST_STEP][PASSED] - setText: Text 'F1' is set on object 'Object Repository/ucf88_or/backoffice/createArena_or/input_eventName'

2018-11-21 10:19:00 - [MESSAGE][PASSED] - Text 'F1' is set on object 'Object Repository/ucf88_or/backoffice/createArena_or/input_eventName'

2018-11-21 10:19:00 - [TEST_STEP][PASSED] - setText: Text 'A1' is set on object 'Object Repository/ucf88_or/backoffice/createArena_or/input_acronym'

2018-11-21 10:19:00 - [MESSAGE][PASSED] - Text 'A1' is set on object 'Object Repository/ucf88_or/backoffice/createArena_or/input_acronym'

2018-11-21 10:19:00 - [TEST_STEP][PASSED] - setText: Text '10' is set on object 'Object Repository/ucf88_or/backoffice/createArena_or/input_profitMargin'

2018-11-21 10:19:00 - [MESSAGE][PASSED] - Text '10' is set on object 'Object Repository/ucf88_or/backoffice/createArena_or/input_profitMargin'

2018-11-21 10:19:00 - [TEST_STEP][PASSED] - delay: Delayed 1 second(s)

2018-11-21 10:19:01 - [MESSAGE][PASSED] - Delayed 1 second(s)

2018-11-21 10:19:01 - [TEST_STEP][PASSED] - click: Object: 'Object Repository/ucf88_or/backoffice/createArena_or/button_submitArena' is clicked on

2018-11-21 10:19:02 - [MESSAGE][PASSED] - Object: 'Object Repository/ucf88_or/backoffice/createArena_or/button_submitArena' is clicked on

2018-11-21 10:19:02 - [TEST_STEP][PASSED] - delay: Delayed 1 second(s)

2018-11-21 10:19:03 - [MESSAGE][PASSED] - Delayed 1 second(s)]]></system-out>
         <system-err><![CDATA[]]></system-err>
      </testcase>
      <testcase name="Test Cases/ucf88_tc/backoffice/createMatch/createMatch_withOddsChange_tc" classname="Test Cases/ucf88_tc/backoffice/createMatch/createMatch_withOddsChange_tc" status="PASSED">
         <system-out><![CDATA[2018-11-21 10:19:03 - [TEST_CASE][PASSED] - Test Cases/ucf88_tc/backoffice/createMatch/createMatch_withOddsChange_tc: Test Cases/ucf88_tc/backoffice/createMatch/createMatch_withOddsChange_tc

2018-11-21 10:19:04 - [TEST_STEP][PASSED] - verifyElementPresent: Object 'Object Repository/ucf88_or/backoffice/header_or/span_Match' is present

2018-11-21 10:19:04 - [MESSAGE][PASSED] - Object 'Object Repository/ucf88_or/backoffice/header_or/span_Match' is present

2018-11-21 10:19:04 - [TEST_STEP][PASSED] - mouseOver: Object: 'Object Repository/ucf88_or/backoffice/header_or/span_Betting' is hovered

2018-11-21 10:19:04 - [MESSAGE][PASSED] - Object: 'Object Repository/ucf88_or/backoffice/header_or/span_Betting' is hovered

2018-11-21 10:19:04 - [TEST_STEP][PASSED] - click: Object: 'Object Repository/ucf88_or/backoffice/header_or/span_Match' is clicked on

2018-11-21 10:19:04 - [MESSAGE][PASSED] - Object: 'Object Repository/ucf88_or/backoffice/header_or/span_Match' is clicked on

2018-11-21 10:19:04 - [TEST_STEP][PASSED] - click: Object: 'Object Repository/ucf88_or/backoffice/createMatch_or/button_createMatch' is clicked on

2018-11-21 10:19:05 - [MESSAGE][PASSED] - Object: 'Object Repository/ucf88_or/backoffice/createMatch_or/button_createMatch' is clicked on

2018-11-21 10:19:05 - [TEST_STEP][PASSED] - delay: Delayed 1 second(s)

2018-11-21 10:19:06 - [MESSAGE][PASSED] - Delayed 1 second(s)

2018-11-21 10:19:06 - [TEST_STEP][PASSED] - verifyElementPresent: Object 'Object Repository/ucf88_or/backoffice/createMatch_or/text_addMatch' is present

2018-11-21 10:19:06 - [MESSAGE][PASSED] - Object 'Object Repository/ucf88_or/backoffice/createMatch_or/text_addMatch' is present

2018-11-21 10:19:06 - [TEST_STEP][PASSED] - delay: Delayed 1 second(s)

2018-11-21 10:19:07 - [MESSAGE][PASSED] - Delayed 1 second(s)

2018-11-21 10:19:07 - [TEST_STEP][PASSED] - click: Object: 'Object Repository/ucf88_or/backoffice/createMatch_or/dropdown_selectArena' is clicked on

2018-11-21 10:19:07 - [MESSAGE][PASSED] - Object: 'Object Repository/ucf88_or/backoffice/createMatch_or/dropdown_selectArena' is clicked on

2018-11-21 10:19:07 - [TEST_STEP][PASSED] - delay: Delayed 1 second(s)

2018-11-21 10:19:08 - [MESSAGE][PASSED] - Delayed 1 second(s)

2018-11-21 10:19:08 - [TEST_STEP][PASSED] - setText: Text 'ARENA_TEST1 - A1' is set on object 'Object Repository/ucf88_or/backoffice/createMatch_or/input_selectArena'

2018-11-21 10:19:08 - [MESSAGE][PASSED] - Text 'ARENA_TEST1 - A1' is set on object 'Object Repository/ucf88_or/backoffice/createMatch_or/input_selectArena'

2018-11-21 10:19:08 - [TEST_STEP][PASSED] - delay: Delayed 1 second(s)

2018-11-21 10:19:09 - [MESSAGE][PASSED] - Delayed 1 second(s)

2018-11-21 10:19:09 - [TEST_STEP][PASSED] - sendKeys: Keys 'ENTER + ' sent to object: 'Object Repository/ucf88_or/backoffice/createMatch_or/input_selectArena'

2018-11-21 10:19:09 - [MESSAGE][PASSED] - Keys 'ENTER + ' sent to object: 'Object Repository/ucf88_or/backoffice/createMatch_or/input_selectArena'

2018-11-21 10:19:09 - [TEST_STEP][PASSED] - delay: Delayed 1 second(s)

2018-11-21 10:19:10 - [MESSAGE][PASSED] - Delayed 1 second(s)

2018-11-21 10:19:10 - [TEST_STEP][PASSED] - setText: Text 'AA' is set on object 'Object Repository/ucf88_or/backoffice/createMatch_or/input_name_meron'

2018-11-21 10:19:10 - [MESSAGE][PASSED] - Text 'AA' is set on object 'Object Repository/ucf88_or/backoffice/createMatch_or/input_name_meron'

2018-11-21 10:19:10 - [TEST_STEP][PASSED] - delay: Delayed 1 second(s)

2018-11-21 10:19:11 - [MESSAGE][PASSED] - Delayed 1 second(s)

2018-11-21 10:19:11 - [TEST_STEP][PASSED] - setText: Text 'BB' is set on object 'Object Repository/ucf88_or/backoffice/createMatch_or/input_name_wala'

2018-11-21 10:19:11 - [MESSAGE][PASSED] - Text 'BB' is set on object 'Object Repository/ucf88_or/backoffice/createMatch_or/input_name_wala'

2018-11-21 10:19:11 - [TEST_STEP][PASSED] - delay: Delayed 1 second(s)

2018-11-21 10:19:12 - [MESSAGE][PASSED] - Delayed 1 second(s)

2018-11-21 10:19:12 - [TEST_STEP][PASSED] - setText: Text 'Farm 1' is set on object 'Object Repository/ucf88_or/backoffice/createMatch_or/input_farm_meron'

2018-11-21 10:19:12 - [MESSAGE][PASSED] - Text 'Farm 1' is set on object 'Object Repository/ucf88_or/backoffice/createMatch_or/input_farm_meron'

2018-11-21 10:19:12 - [TEST_STEP][PASSED] - delay: Delayed 1 second(s)

2018-11-21 10:19:13 - [MESSAGE][PASSED] - Delayed 1 second(s)

2018-11-21 10:19:13 - [TEST_STEP][PASSED] - setText: Text 'Farm 2' is set on object 'Object Repository/ucf88_or/backoffice/createMatch_or/input_farm_wala'

2018-11-21 10:19:13 - [MESSAGE][PASSED] - Text 'Farm 2' is set on object 'Object Repository/ucf88_or/backoffice/createMatch_or/input_farm_wala'

2018-11-21 10:19:13 - [TEST_STEP][PASSED] - delay: Delayed 1 second(s)

2018-11-21 10:19:14 - [MESSAGE][PASSED] - Delayed 1 second(s)

2018-11-21 10:19:14 - [TEST_STEP][PASSED] - setText: Text 'Breed 1' is set on object 'Object Repository/ucf88_or/backoffice/createMatch_or/input_breed_meron'

2018-11-21 10:19:15 - [MESSAGE][PASSED] - Text 'Breed 1' is set on object 'Object Repository/ucf88_or/backoffice/createMatch_or/input_breed_meron'

2018-11-21 10:19:15 - [TEST_STEP][PASSED] - delay: Delayed 1 second(s)

2018-11-21 10:19:16 - [MESSAGE][PASSED] - Delayed 1 second(s)

2018-11-21 10:19:16 - [TEST_STEP][PASSED] - setText: Text 'Breed 2 ' is set on object 'Object Repository/ucf88_or/backoffice/createMatch_or/input_breed_wala'

2018-11-21 10:19:16 - [MESSAGE][PASSED] - Text 'Breed 2 ' is set on object 'Object Repository/ucf88_or/backoffice/createMatch_or/input_breed_wala'

2018-11-21 10:19:16 - [TEST_STEP][PASSED] - delay: Delayed 1 second(s)

2018-11-21 10:19:17 - [MESSAGE][PASSED] - Delayed 1 second(s)

2018-11-21 10:19:17 - [TEST_STEP][PASSED] - setText: Text '10' is set on object 'Object Repository/ucf88_or/backoffice/createMatch_or/input_weight_meron'

2018-11-21 10:19:17 - [MESSAGE][PASSED] - Text '10' is set on object 'Object Repository/ucf88_or/backoffice/createMatch_or/input_weight_meron'

2018-11-21 10:19:17 - [TEST_STEP][PASSED] - delay: Delayed 1 second(s)

2018-11-21 10:19:18 - [MESSAGE][PASSED] - Delayed 1 second(s)

2018-11-21 10:19:18 - [TEST_STEP][PASSED] - setText: Text '10' is set on object 'Object Repository/ucf88_or/backoffice/createMatch_or/input_weight_wala'

2018-11-21 10:19:18 - [MESSAGE][PASSED] - Text '10' is set on object 'Object Repository/ucf88_or/backoffice/createMatch_or/input_weight_wala'

2018-11-21 10:19:18 - [TEST_STEP][PASSED] - delay: Delayed 1 second(s)

2018-11-21 10:19:19 - [MESSAGE][PASSED] - Delayed 1 second(s)

2018-11-21 10:19:19 - [TEST_STEP][PASSED] - click: Object: 'Object Repository/ucf88_or/backoffice/createMatch_or/button_submitMatch' is clicked on

2018-11-21 10:19:20 - [MESSAGE][PASSED] - Object: 'Object Repository/ucf88_or/backoffice/createMatch_or/button_submitMatch' is clicked on

2018-11-21 10:19:20 - [TEST_STEP][PASSED] - click: Object: 'Object Repository/ucf88_or/backoffice/createMatch_or/link_Clickmatch' is clicked on

2018-11-21 10:19:20 - [MESSAGE][PASSED] - Object: 'Object Repository/ucf88_or/backoffice/createMatch_or/link_Clickmatch' is clicked on

2018-11-21 10:19:20 - [TEST_STEP][PASSED] - delay: Delayed 1 second(s)

2018-11-21 10:19:21 - [MESSAGE][PASSED] - Delayed 1 second(s)

2018-11-21 10:19:21 - [TEST_STEP][PASSED] - switchToWindowIndex: Switched to window with index: '1'

2018-11-21 10:19:21 - [MESSAGE][PASSED] - Switched to window with index: '1'

2018-11-21 10:19:21 - [TEST_STEP][PASSED] - delay: Delayed 1 second(s)

2018-11-21 10:19:22 - [MESSAGE][PASSED] - Delayed 1 second(s)

2018-11-21 10:19:22 - [TEST_STEP][PASSED] - click: Object: 'Object Repository/ucf88_or/backoffice/createMatch_or/button_openMatch' is clicked on

2018-11-21 10:19:24 - [MESSAGE][PASSED] - Object: 'Object Repository/ucf88_or/backoffice/createMatch_or/button_openMatch' is clicked on

2018-11-21 10:19:24 - [TEST_STEP][PASSED] - delay: Delayed 1 second(s)

2018-11-21 10:19:25 - [MESSAGE][PASSED] - Delayed 1 second(s)

2018-11-21 10:19:25 - [TEST_STEP][PASSED] - waitForElementVisible: Object 'Object Repository/ucf88_or/backoffice/createMatch_or/button_agreeOpenMatch' is visible

2018-11-21 10:19:25 - [MESSAGE][PASSED] - Object 'Object Repository/ucf88_or/backoffice/createMatch_or/button_agreeOpenMatch' is visible

2018-11-21 10:19:25 - [TEST_STEP][PASSED] - delay: Delayed 1 second(s)

2018-11-21 10:19:26 - [MESSAGE][PASSED] - Delayed 1 second(s)

2018-11-21 10:19:26 - [TEST_STEP][PASSED] - click: Object: 'Object Repository/ucf88_or/backoffice/createMatch_or/button_agreeOpenMatch' is clicked on

2018-11-21 10:19:26 - [MESSAGE][PASSED] - Object: 'Object Repository/ucf88_or/backoffice/createMatch_or/button_agreeOpenMatch' is clicked on

2018-11-21 10:19:26 - [TEST_STEP][PASSED] - delay: Delayed 1 second(s)

2018-11-21 10:19:27 - [MESSAGE][PASSED] - Delayed 1 second(s)

2018-11-21 10:19:27 - [TEST_STEP][PASSED] - click: Object: 'Object Repository/ucf88_or/backoffice/riskMangement_or/span_increaseOdds' is clicked on

2018-11-21 10:19:27 - [MESSAGE][PASSED] - Object: 'Object Repository/ucf88_or/backoffice/riskMangement_or/span_increaseOdds' is clicked on

2018-11-21 10:19:27 - [TEST_STEP][PASSED] - delay: Delayed 1 second(s)

2018-11-21 10:19:28 - [MESSAGE][PASSED] - Delayed 1 second(s)

2018-11-21 10:19:28 - [TEST_STEP][PASSED] - click: Object: 'Object Repository/ucf88_or/backoffice/riskMangement_or/button_saveOddsAdjust' is clicked on

2018-11-21 10:19:28 - [MESSAGE][PASSED] - Object: 'Object Repository/ucf88_or/backoffice/riskMangement_or/button_saveOddsAdjust' is clicked on

2018-11-21 10:19:28 - [TEST_STEP][PASSED] - delay: Delayed 2 second(s)

2018-11-21 10:19:30 - [MESSAGE][PASSED] - Delayed 2 second(s)

2018-11-21 10:19:30 - [TEST_STEP][PASSED] - closeWindowIndex: Window with index 1 is closed

2018-11-21 10:19:30 - [MESSAGE][PASSED] - Window with index 1 is closed

2018-11-21 10:19:30 - [TEST_STEP][PASSED] - switchToWindowIndex: Switched to window with index: '0'

2018-11-21 10:19:30 - [MESSAGE][PASSED] - Switched to window with index: '0']]></system-out>
         <system-err><![CDATA[]]></system-err>
      </testcase>
      <testcase name="Test Cases/ucf88_tc/backoffice/odds history/oddsHistory_manual_tc" classname="Test Cases/ucf88_tc/backoffice/odds history/oddsHistory_manual_tc" status="PASSED">
         <system-out><![CDATA[2018-11-21 10:19:30 - [TEST_CASE][PASSED] - Test Cases/ucf88_tc/backoffice/odds history/oddsHistory_manual_tc: Test Cases/ucf88_tc/backoffice/odds history/oddsHistory_manual_tc

2018-11-21 10:19:30 - [TEST_STEP][PASSED] - mouseOver: Object: 'Object Repository/ucf88_or/backoffice/header_or/span_Betting' is hovered

2018-11-21 10:19:30 - [MESSAGE][PASSED] - Object: 'Object Repository/ucf88_or/backoffice/header_or/span_Betting' is hovered

2018-11-21 10:19:30 - [TEST_STEP][PASSED] - delay: Delayed 1 second(s)

2018-11-21 10:19:31 - [MESSAGE][PASSED] - Delayed 1 second(s)

2018-11-21 10:19:31 - [TEST_STEP][PASSED] - click: Object: 'Object Repository/ucf88_or/backoffice/header_or/span_oddHistory' is clicked on

2018-11-21 10:19:32 - [MESSAGE][PASSED] - Object: 'Object Repository/ucf88_or/backoffice/header_or/span_oddHistory' is clicked on

2018-11-21 10:19:32 - [TEST_STEP][PASSED] - delay: Delayed 1 second(s)

2018-11-21 10:19:33 - [MESSAGE][PASSED] - Delayed 1 second(s)

2018-11-21 10:19:33 - [TEST_STEP][PASSED] - click: Object: 'Object Repository/ucf88_or/backoffice/oddsHistory_or/span_selectArena ' is clicked on

2018-11-21 10:19:33 - [MESSAGE][PASSED] - Object: 'Object Repository/ucf88_or/backoffice/oddsHistory_or/span_selectArena ' is clicked on

2018-11-21 10:19:33 - [TEST_STEP][PASSED] - delay: Delayed 1 second(s)

2018-11-21 10:19:34 - [MESSAGE][PASSED] - Delayed 1 second(s)

2018-11-21 10:19:34 - [TEST_STEP][PASSED] - setText: Text 'ARENA_TEST1 - A1' is set on object 'Object Repository/ucf88_or/backoffice/oddsHistory_or/input_arenaName'

2018-11-21 10:19:34 - [MESSAGE][PASSED] - Text 'ARENA_TEST1 - A1' is set on object 'Object Repository/ucf88_or/backoffice/oddsHistory_or/input_arenaName'

2018-11-21 10:19:34 - [TEST_STEP][PASSED] - delay: Delayed 1 second(s)

2018-11-21 10:19:35 - [MESSAGE][PASSED] - Delayed 1 second(s)

2018-11-21 10:19:35 - [TEST_STEP][PASSED] - sendKeys: Keys 'ENTER + ' sent to object: 'Object Repository/ucf88_or/backoffice/oddsHistory_or/input_arenaName'

2018-11-21 10:19:35 - [MESSAGE][PASSED] - Keys 'ENTER + ' sent to object: 'Object Repository/ucf88_or/backoffice/oddsHistory_or/input_arenaName'

2018-11-21 10:19:35 - [TEST_STEP][PASSED] - delay: Delayed 1 second(s)

2018-11-21 10:19:36 - [MESSAGE][PASSED] - Delayed 1 second(s)

2018-11-21 10:19:36 - [TEST_STEP][PASSED] - click: Object: 'Object Repository/ucf88_or/backoffice/oddsHistory_or/span_selectMatch' is clicked on

2018-11-21 10:19:36 - [MESSAGE][PASSED] - Object: 'Object Repository/ucf88_or/backoffice/oddsHistory_or/span_selectMatch' is clicked on

2018-11-21 10:19:36 - [TEST_STEP][PASSED] - delay: Delayed 1 second(s)

2018-11-21 10:19:37 - [MESSAGE][PASSED] - Delayed 1 second(s)

2018-11-21 10:19:37 - [TEST_STEP][PASSED] - setText: Text 'F1' is set on object 'Object Repository/ucf88_or/backoffice/oddsHistory_or/input__selectMatch'

2018-11-21 10:19:37 - [MESSAGE][PASSED] - Text 'F1' is set on object 'Object Repository/ucf88_or/backoffice/oddsHistory_or/input__selectMatch'

2018-11-21 10:19:37 - [TEST_STEP][PASSED] - delay: Delayed 1 second(s)

2018-11-21 10:19:38 - [MESSAGE][PASSED] - Delayed 1 second(s)

2018-11-21 10:19:38 - [TEST_STEP][PASSED] - sendKeys: Keys 'ENTER + ' sent to object: 'Object Repository/ucf88_or/backoffice/oddsHistory_or/input__selectMatch'

2018-11-21 10:19:39 - [MESSAGE][PASSED] - Keys 'ENTER + ' sent to object: 'Object Repository/ucf88_or/backoffice/oddsHistory_or/input__selectMatch'

2018-11-21 10:19:39 - [TEST_STEP][PASSED] - delay: Delayed 1 second(s)

2018-11-21 10:19:40 - [MESSAGE][PASSED] - Delayed 1 second(s)

2018-11-21 10:19:40 - [TEST_STEP][PASSED] - click: Object: 'Object Repository/ucf88_or/backoffice/oddsHistory_or/click_search' is clicked on

2018-11-21 10:19:40 - [MESSAGE][PASSED] - Object: 'Object Repository/ucf88_or/backoffice/oddsHistory_or/click_search' is clicked on

2018-11-21 10:19:40 - [TEST_STEP][PASSED] - delay: Delayed 1 second(s)

2018-11-21 10:19:41 - [MESSAGE][PASSED] - Delayed 1 second(s)

2018-11-21 10:19:41 - [TEST_STEP][PASSED] - verifyTextPresent: Text 'ARENA_TEST1 - A1' is present on page 

2018-11-21 10:19:41 - [MESSAGE][PASSED] - Text 'ARENA_TEST1 - A1' is present on page 

2018-11-21 10:19:41 - [TEST_STEP][PASSED] - delay: Delayed 1 second(s)

2018-11-21 10:19:42 - [MESSAGE][PASSED] - Delayed 1 second(s)

2018-11-21 10:19:42 - [TEST_STEP][PASSED] - verifyElementText: Actual text and expected text of test object 'Object Repository/ucf88_or/backoffice/oddsHistory_or/oddsNew_meron' are matched.

2018-11-21 10:19:42 - [MESSAGE][PASSED] - Actual text and expected text of test object 'Object Repository/ucf88_or/backoffice/oddsHistory_or/oddsNew_meron' are matched.

2018-11-21 10:19:42 - [TEST_STEP][PASSED] - delay: Delayed 1 second(s)

2018-11-21 10:19:43 - [MESSAGE][PASSED] - Delayed 1 second(s)

2018-11-21 10:19:43 - [TEST_STEP][PASSED] - verifyElementText: Actual text and expected text of test object 'Object Repository/ucf88_or/backoffice/oddsHistory_or/oddsNew_wala' are matched.

2018-11-21 10:19:43 - [MESSAGE][PASSED] - Actual text and expected text of test object 'Object Repository/ucf88_or/backoffice/oddsHistory_or/oddsNew_wala' are matched.]]></system-out>
         <system-err><![CDATA[]]></system-err>
      </testcase>
      <system-out><![CDATA[2018-11-21 10:18:48 - [TEST_SUITE][PASSED] - oddsHistory_manual_ts: Test Cases/ucf88_tc/backoffice/odds history/oddsHistory_manual_tc]]></system-out>
      <system-err><![CDATA[]]></system-err>
   </testsuite>
</testsuites>
