<?xml version="1.0" encoding="UTF-8"?>
<testsuites name="inactiveUser_validation_ts" time="12" tests="1" failures="0" errors="0">
   <testsuite name="inactiveUser_validation_ts" tests="1" failures="0" errors="0" time="12" timestamp="2018-11-13 10:04:57" hostname="janine.bautista - J9" id="Test Suites/ucf88_ts/backoffice/inactiveUser_validation_ts">
      <properties>
         <property name="deviceName" value=""/>
         <property name="devicePlatform" value=""/>
         <property name="logFolder" value="C:\\Users\\janine.bautista\\git\\CLICKPLAY\\Reports\\ucf88_ts\\backoffice\\inactiveUser_validation_ts\\20181113_100456"/>
         <property name="logFiles" value="C:\\Users\\janine.bautista\\git\\CLICKPLAY\\Reports\\ucf88_ts\\backoffice\\inactiveUser_validation_ts\\20181113_100456\\execution0.log"/>
         <property name="attachments" value=""/>
         <property name="hostName" value="janine.bautista - J9"/>
         <property name="os" value="Windows 10 64bit"/>
         <property name="katalonVersion" value="5.8.6.1"/>
         <property name="browser" value="Chrome 70.0.3538.102"/>
         <property name="hostAddress" value="172.16.8.107"/>
         <property name="sessionId" value="fc502b67aa339692f2c828e50f21610e"/>
         <property name="seleniumVersion" value="3.7.1"/>
         <property name="proxyInformation" value="ProxyInformation{proxyOption=NO_PROXY, proxyServerType=HTTP, password=, proxyServerAddress=, proxyServerPort=0}"/>
         <property name="platform" value="Windows 10"/>
      </properties>
      <testcase name="Test Cases/ucf88_tc/backoffice/login/inactiveUser_Validation_tc" classname="Test Cases/ucf88_tc/backoffice/login/inactiveUser_Validation_tc" status="PASSED">
         <system-out><![CDATA[2018-11-13 10:04:57 - [TEST_CASE][PASSED] - Test Cases/ucf88_tc/backoffice/login/inactiveUser_Validation_tc: Test Cases/ucf88_tc/backoffice/login/inactiveUser_Validation_tc

2018-11-13 10:04:57 - [TEST_STEP][PASSED] - openBrowser: Browser is opened with url: ''

2018-11-13 10:05:00 - [MESSAGE][PASSED] - Browser is opened with url: ''

2018-11-13 10:05:00 - [TEST_STEP][PASSED] - maximizeWindow: Current window maximized

2018-11-13 10:05:01 - [MESSAGE][PASSED] - Current window maximized

2018-11-13 10:05:01 - [TEST_STEP][PASSED] - navigateToUrl: Navigate to 'http://dev-admin.ucf88.com/login' successfully

2018-11-13 10:05:02 - [MESSAGE][PASSED] - Navigate to 'http://dev-admin.ucf88.com/login' successfully

2018-11-13 10:05:02 - [TEST_STEP][PASSED] - delay: Delayed 2 second(s)

2018-11-13 10:05:04 - [MESSAGE][PASSED] - Delayed 2 second(s)

2018-11-13 10:05:04 - [TEST_STEP][PASSED] - setText: Text 'test.inactiveUser' is set on object 'Object Repository/ucf88_or/backoffice/login_or/input_username_bo'

2018-11-13 10:05:04 - [MESSAGE][PASSED] - Text 'test.inactiveUser' is set on object 'Object Repository/ucf88_or/backoffice/login_or/input_username_bo'

2018-11-13 10:05:04 - [TEST_STEP][PASSED] - delay: Delayed 2 second(s)

2018-11-13 10:05:06 - [MESSAGE][PASSED] - Delayed 2 second(s)

2018-11-13 10:05:06 - [TEST_STEP][PASSED] - setEncryptedText: Text ****** has been set on object 'Object Repository/ucf88_or/backoffice/login_or/input_password_bo'

2018-11-13 10:05:07 - [MESSAGE][PASSED] - Text ****** has been set on object 'Object Repository/ucf88_or/backoffice/login_or/input_password_bo'

2018-11-13 10:05:07 - [TEST_STEP][PASSED] - click: Object: 'Object Repository/ucf88_or/backoffice/login_or/button_login_bo' is clicked on

2018-11-13 10:05:07 - [MESSAGE][PASSED] - Object: 'Object Repository/ucf88_or/backoffice/login_or/button_login_bo' is clicked on

2018-11-13 10:05:07 - [TEST_STEP][PASSED] - verifyElementText: Actual text and expected text of test object 'Object Repository/ucf88_or/backoffice/login_or/li_inactiveMessage' are matched.

2018-11-13 10:05:07 - [MESSAGE][PASSED] - Actual text and expected text of test object 'Object Repository/ucf88_or/backoffice/login_or/li_inactiveMessage' are matched.

2018-11-13 10:05:07 - [TEST_STEP][PASSED] - delay: Delayed 1 second(s)

2018-11-13 10:05:08 - [MESSAGE][PASSED] - Delayed 1 second(s)

2018-11-13 10:05:08 - [TEST_STEP][PASSED] - closeBrowser: Browser is closed

2018-11-13 10:05:09 - [MESSAGE][PASSED] - Browser is closed]]></system-out>
         <system-err><![CDATA[]]></system-err>
      </testcase>
      <system-out><![CDATA[2018-11-13 10:04:57 - [TEST_SUITE][PASSED] - inactiveUser_validation_ts: Test Cases/ucf88_tc/backoffice/login/inactiveUser_Validation_tc]]></system-out>
      <system-err><![CDATA[]]></system-err>
   </testsuite>
</testsuites>
