<?xml version="1.0" encoding="UTF-8"?>
<testsuites name="oddsHistory_manual_ts" time="58" tests="3" failures="0" errors="0">
   <testsuite name="oddsHistory_manual_ts" tests="3" failures="0" errors="0" time="58" timestamp="2018-11-08 17:37:04" hostname="janine.bautista - J9" id="Test Suites/ucf88_ts/backoffice/oddsHistory_manual_ts">
      <properties>
         <property name="deviceName" value=""/>
         <property name="devicePlatform" value=""/>
         <property name="logFolder" value="C:\\Users\\janine.bautista\\git\\CLICKPLAY\\Reports\\ucf88_ts\\backoffice\\oddsHistory_manual_ts\\20181108_173702"/>
         <property name="logFiles" value="C:\\Users\\janine.bautista\\git\\CLICKPLAY\\Reports\\ucf88_ts\\backoffice\\oddsHistory_manual_ts\\20181108_173702\\execution0.log"/>
         <property name="attachments" value=""/>
         <property name="hostName" value="janine.bautista - J9"/>
         <property name="os" value="Windows 10 64bit"/>
         <property name="katalonVersion" value="5.8.6.1"/>
         <property name="browser" value="Chrome 70.0.3538.77"/>
         <property name="hostAddress" value="172.16.8.107"/>
         <property name="sessionId" value="76548630ff5583c74d169b42c28b139c"/>
         <property name="seleniumVersion" value="3.7.1"/>
         <property name="proxyInformation" value="ProxyInformation{proxyOption=NO_PROXY, proxyServerType=HTTP, password=, proxyServerAddress=, proxyServerPort=0}"/>
         <property name="platform" value="Windows 10"/>
      </properties>
      <testcase name="Test Cases/ucf88_tc/backoffice/createArena/createArena_tc" classname="Test Cases/ucf88_tc/backoffice/createArena/createArena_tc" status="PASSED">
         <system-out><![CDATA[2018-11-08 17:37:05 - [TEST_CASE][PASSED] - Test Cases/ucf88_tc/backoffice/createArena/createArena_tc: Test Cases/ucf88_tc/backoffice/createArena/createArena_tc

2018-11-08 17:37:05 - [TEST_STEP][PASSED] - errpack.loginBackoffice.getLogin: errpack.loginBackoffice.getLogin is PASSED

2018-11-08 17:37:09 - [MESSAGE][PASSED] - Browser is opened with url: ''

2018-11-08 17:37:10 - [MESSAGE][PASSED] - Current window maximized

2018-11-08 17:37:11 - [MESSAGE][PASSED] - Navigate to 'http://dev-admin.ucf88.com/login' successfully

2018-11-08 17:37:11 - [MESSAGE][PASSED] - Text 'errorman' is set on object 'Object Repository/ucf88_or/backoffice/login_or/input_username_bo'

2018-11-08 17:37:11 - [MESSAGE][PASSED] - Text ****** has been set on object 'Object Repository/ucf88_or/backoffice/login_or/input_password_bo'

2018-11-08 17:37:14 - [MESSAGE][PASSED] - Object: 'Object Repository/ucf88_or/backoffice/login_or/button_login_bo' is clicked on

2018-11-08 17:37:14 - [MESSAGE][PASSED] - errpack.loginBackoffice.getLogin is PASSED

2018-11-08 17:37:14 - [TEST_STEP][PASSED] - mouseOver: Object: 'Object Repository/ucf88_or/backoffice/header_or/span_Betting' is hovered

2018-11-08 17:37:14 - [MESSAGE][PASSED] - Object: 'Object Repository/ucf88_or/backoffice/header_or/span_Betting' is hovered

2018-11-08 17:37:14 - [TEST_STEP][PASSED] - verifyElementPresent: Object 'Object Repository/ucf88_or/backoffice/header_or/span_Arena' is present

2018-11-08 17:37:14 - [MESSAGE][PASSED] - Object 'Object Repository/ucf88_or/backoffice/header_or/span_Arena' is present

2018-11-08 17:37:14 - [TEST_STEP][PASSED] - click: Object: 'Object Repository/ucf88_or/backoffice/header_or/span_Arena' is clicked on

2018-11-08 17:37:15 - [MESSAGE][PASSED] - Object: 'Object Repository/ucf88_or/backoffice/header_or/span_Arena' is clicked on

2018-11-08 17:37:15 - [TEST_STEP][PASSED] - click: Object: 'Object Repository/ucf88_or/backoffice/createArena_or/button_createArena' is clicked on

2018-11-08 17:37:15 - [MESSAGE][PASSED] - Object: 'Object Repository/ucf88_or/backoffice/createArena_or/button_createArena' is clicked on

2018-11-08 17:37:15 - [TEST_STEP][PASSED] - delay: Delayed 1 second(s)

2018-11-08 17:37:16 - [MESSAGE][PASSED] - Delayed 1 second(s)

2018-11-08 17:37:16 - [TEST_STEP][PASSED] - setText: Text 'ARENA_TEST' is set on object 'Object Repository/ucf88_or/backoffice/createArena_or/input_arenaName'

2018-11-08 17:37:16 - [MESSAGE][PASSED] - Text 'ARENA_TEST' is set on object 'Object Repository/ucf88_or/backoffice/createArena_or/input_arenaName'

2018-11-08 17:37:16 - [TEST_STEP][PASSED] - setText: Text 'F1' is set on object 'Object Repository/ucf88_or/backoffice/createArena_or/input_eventName'

2018-11-08 17:37:17 - [MESSAGE][PASSED] - Text 'F1' is set on object 'Object Repository/ucf88_or/backoffice/createArena_or/input_eventName'

2018-11-08 17:37:17 - [TEST_STEP][PASSED] - setText: Text 'A1' is set on object 'Object Repository/ucf88_or/backoffice/createArena_or/input_acronym'

2018-11-08 17:37:17 - [MESSAGE][PASSED] - Text 'A1' is set on object 'Object Repository/ucf88_or/backoffice/createArena_or/input_acronym'

2018-11-08 17:37:17 - [TEST_STEP][PASSED] - setText: Text '10' is set on object 'Object Repository/ucf88_or/backoffice/createArena_or/input_profitMargin'

2018-11-08 17:37:17 - [MESSAGE][PASSED] - Text '10' is set on object 'Object Repository/ucf88_or/backoffice/createArena_or/input_profitMargin'

2018-11-08 17:37:17 - [TEST_STEP][PASSED] - delay: Delayed 1 second(s)

2018-11-08 17:37:18 - [MESSAGE][PASSED] - Delayed 1 second(s)

2018-11-08 17:37:18 - [TEST_STEP][PASSED] - click: Object: 'Object Repository/ucf88_or/backoffice/createArena_or/button_submitArena' is clicked on

2018-11-08 17:37:19 - [MESSAGE][PASSED] - Object: 'Object Repository/ucf88_or/backoffice/createArena_or/button_submitArena' is clicked on

2018-11-08 17:37:19 - [TEST_STEP][PASSED] - delay: Delayed 1 second(s)

2018-11-08 17:37:20 - [MESSAGE][PASSED] - Delayed 1 second(s)]]></system-out>
         <system-err><![CDATA[]]></system-err>
      </testcase>
      <testcase name="Test Cases/ucf88_tc/backoffice/createMatch/createMatch_tc" classname="Test Cases/ucf88_tc/backoffice/createMatch/createMatch_tc" status="PASSED">
         <system-out><![CDATA[2018-11-08 17:37:20 - [TEST_CASE][PASSED] - Test Cases/ucf88_tc/backoffice/createMatch/createMatch_tc: Test Cases/ucf88_tc/backoffice/createMatch/createMatch_tc

2018-11-08 17:37:20 - [TEST_STEP][PASSED] - verifyElementPresent: Object 'Object Repository/ucf88_or/backoffice/header_or/span_Match' is present

2018-11-08 17:37:20 - [MESSAGE][PASSED] - Object 'Object Repository/ucf88_or/backoffice/header_or/span_Match' is present

2018-11-08 17:37:20 - [TEST_STEP][PASSED] - mouseOver: Object: 'Object Repository/ucf88_or/backoffice/header_or/span_Betting' is hovered

2018-11-08 17:37:20 - [MESSAGE][PASSED] - Object: 'Object Repository/ucf88_or/backoffice/header_or/span_Betting' is hovered

2018-11-08 17:37:20 - [TEST_STEP][PASSED] - click: Object: 'Object Repository/ucf88_or/backoffice/header_or/span_Match' is clicked on

2018-11-08 17:37:21 - [MESSAGE][PASSED] - Object: 'Object Repository/ucf88_or/backoffice/header_or/span_Match' is clicked on

2018-11-08 17:37:21 - [TEST_STEP][PASSED] - click: Object: 'Object Repository/ucf88_or/backoffice/createMatch_or/button_createMatch' is clicked on

2018-11-08 17:37:22 - [MESSAGE][PASSED] - Object: 'Object Repository/ucf88_or/backoffice/createMatch_or/button_createMatch' is clicked on

2018-11-08 17:37:22 - [TEST_STEP][PASSED] - delay: Delayed 1 second(s)

2018-11-08 17:37:23 - [MESSAGE][PASSED] - Delayed 1 second(s)

2018-11-08 17:37:23 - [TEST_STEP][PASSED] - verifyElementPresent: Object 'Object Repository/ucf88_or/backoffice/createMatch_or/text_addMatch' is present

2018-11-08 17:37:23 - [MESSAGE][PASSED] - Object 'Object Repository/ucf88_or/backoffice/createMatch_or/text_addMatch' is present

2018-11-08 17:37:23 - [TEST_STEP][PASSED] - delay: Delayed 1 second(s)

2018-11-08 17:37:24 - [MESSAGE][PASSED] - Delayed 1 second(s)

2018-11-08 17:37:24 - [TEST_STEP][PASSED] - click: Object: 'Object Repository/ucf88_or/backoffice/createMatch_or/dropdown_selectArena' is clicked on

2018-11-08 17:37:24 - [MESSAGE][PASSED] - Object: 'Object Repository/ucf88_or/backoffice/createMatch_or/dropdown_selectArena' is clicked on

2018-11-08 17:37:24 - [TEST_STEP][PASSED] - delay: Delayed 1 second(s)

2018-11-08 17:37:25 - [MESSAGE][PASSED] - Delayed 1 second(s)

2018-11-08 17:37:25 - [TEST_STEP][PASSED] - setText: Text 'ARENA_TEST - A1' is set on object 'Object Repository/ucf88_or/backoffice/createMatch_or/input_selectArena'

2018-11-08 17:37:25 - [MESSAGE][PASSED] - Text 'ARENA_TEST - A1' is set on object 'Object Repository/ucf88_or/backoffice/createMatch_or/input_selectArena'

2018-11-08 17:37:25 - [TEST_STEP][PASSED] - delay: Delayed 1 second(s)

2018-11-08 17:37:26 - [MESSAGE][PASSED] - Delayed 1 second(s)

2018-11-08 17:37:26 - [TEST_STEP][PASSED] - sendKeys: Keys 'ENTER + ' sent to object: 'Object Repository/ucf88_or/backoffice/createMatch_or/input_selectArena'

2018-11-08 17:37:26 - [MESSAGE][PASSED] - Keys 'ENTER + ' sent to object: 'Object Repository/ucf88_or/backoffice/createMatch_or/input_selectArena'

2018-11-08 17:37:26 - [TEST_STEP][PASSED] - delay: Delayed 1 second(s)

2018-11-08 17:37:27 - [MESSAGE][PASSED] - Delayed 1 second(s)

2018-11-08 17:37:27 - [TEST_STEP][PASSED] - setText: Text 'AA' is set on object 'Object Repository/ucf88_or/backoffice/createMatch_or/input_name_meron'

2018-11-08 17:37:28 - [MESSAGE][PASSED] - Text 'AA' is set on object 'Object Repository/ucf88_or/backoffice/createMatch_or/input_name_meron'

2018-11-08 17:37:28 - [TEST_STEP][PASSED] - delay: Delayed 1 second(s)

2018-11-08 17:37:29 - [MESSAGE][PASSED] - Delayed 1 second(s)

2018-11-08 17:37:29 - [TEST_STEP][PASSED] - setText: Text 'BB' is set on object 'Object Repository/ucf88_or/backoffice/createMatch_or/input_name_wala'

2018-11-08 17:37:29 - [MESSAGE][PASSED] - Text 'BB' is set on object 'Object Repository/ucf88_or/backoffice/createMatch_or/input_name_wala'

2018-11-08 17:37:29 - [TEST_STEP][PASSED] - delay: Delayed 1 second(s)

2018-11-08 17:37:30 - [MESSAGE][PASSED] - Delayed 1 second(s)

2018-11-08 17:37:30 - [TEST_STEP][PASSED] - setText: Text 'Farm 1' is set on object 'Object Repository/ucf88_or/backoffice/createMatch_or/input_farm_meron'

2018-11-08 17:37:30 - [MESSAGE][PASSED] - Text 'Farm 1' is set on object 'Object Repository/ucf88_or/backoffice/createMatch_or/input_farm_meron'

2018-11-08 17:37:30 - [TEST_STEP][PASSED] - delay: Delayed 1 second(s)

2018-11-08 17:37:31 - [MESSAGE][PASSED] - Delayed 1 second(s)

2018-11-08 17:37:31 - [TEST_STEP][PASSED] - setText: Text 'Farm 2' is set on object 'Object Repository/ucf88_or/backoffice/createMatch_or/input_farm_wala'

2018-11-08 17:37:31 - [MESSAGE][PASSED] - Text 'Farm 2' is set on object 'Object Repository/ucf88_or/backoffice/createMatch_or/input_farm_wala'

2018-11-08 17:37:31 - [TEST_STEP][PASSED] - delay: Delayed 1 second(s)

2018-11-08 17:37:32 - [MESSAGE][PASSED] - Delayed 1 second(s)

2018-11-08 17:37:32 - [TEST_STEP][PASSED] - setText: Text 'Breed 1' is set on object 'Object Repository/ucf88_or/backoffice/createMatch_or/input_breed_meron'

2018-11-08 17:37:32 - [MESSAGE][PASSED] - Text 'Breed 1' is set on object 'Object Repository/ucf88_or/backoffice/createMatch_or/input_breed_meron'

2018-11-08 17:37:32 - [TEST_STEP][PASSED] - delay: Delayed 1 second(s)

2018-11-08 17:37:33 - [MESSAGE][PASSED] - Delayed 1 second(s)

2018-11-08 17:37:33 - [TEST_STEP][PASSED] - setText: Text 'Breed 2 ' is set on object 'Object Repository/ucf88_or/backoffice/createMatch_or/input_breed_wala'

2018-11-08 17:37:34 - [MESSAGE][PASSED] - Text 'Breed 2 ' is set on object 'Object Repository/ucf88_or/backoffice/createMatch_or/input_breed_wala'

2018-11-08 17:37:34 - [TEST_STEP][PASSED] - delay: Delayed 1 second(s)

2018-11-08 17:37:35 - [MESSAGE][PASSED] - Delayed 1 second(s)

2018-11-08 17:37:35 - [TEST_STEP][PASSED] - setText: Text '10' is set on object 'Object Repository/ucf88_or/backoffice/createMatch_or/input_weight_meron'

2018-11-08 17:37:35 - [MESSAGE][PASSED] - Text '10' is set on object 'Object Repository/ucf88_or/backoffice/createMatch_or/input_weight_meron'

2018-11-08 17:37:35 - [TEST_STEP][PASSED] - delay: Delayed 1 second(s)

2018-11-08 17:37:36 - [MESSAGE][PASSED] - Delayed 1 second(s)

2018-11-08 17:37:36 - [TEST_STEP][PASSED] - setText: Text '10' is set on object 'Object Repository/ucf88_or/backoffice/createMatch_or/input_weight_wala'

2018-11-08 17:37:36 - [MESSAGE][PASSED] - Text '10' is set on object 'Object Repository/ucf88_or/backoffice/createMatch_or/input_weight_wala'

2018-11-08 17:37:36 - [TEST_STEP][PASSED] - delay: Delayed 1 second(s)

2018-11-08 17:37:37 - [MESSAGE][PASSED] - Delayed 1 second(s)

2018-11-08 17:37:37 - [TEST_STEP][PASSED] - click: Object: 'Object Repository/ucf88_or/backoffice/createMatch_or/button_submitMatch' is clicked on

2018-11-08 17:37:38 - [MESSAGE][PASSED] - Object: 'Object Repository/ucf88_or/backoffice/createMatch_or/button_submitMatch' is clicked on

2018-11-08 17:37:38 - [TEST_STEP][PASSED] - click: Object: 'Object Repository/ucf88_or/backoffice/createMatch_or/link_Clickmatch' is clicked on

2018-11-08 17:37:39 - [MESSAGE][PASSED] - Object: 'Object Repository/ucf88_or/backoffice/createMatch_or/link_Clickmatch' is clicked on

2018-11-08 17:37:39 - [TEST_STEP][PASSED] - delay: Delayed 1 second(s)

2018-11-08 17:37:40 - [MESSAGE][PASSED] - Delayed 1 second(s)

2018-11-08 17:37:40 - [TEST_STEP][PASSED] - switchToWindowIndex: Switched to window with index: '1'

2018-11-08 17:37:40 - [MESSAGE][PASSED] - Switched to window with index: '1'

2018-11-08 17:37:40 - [TEST_STEP][PASSED] - delay: Delayed 1 second(s)

2018-11-08 17:37:41 - [MESSAGE][PASSED] - Delayed 1 second(s)

2018-11-08 17:37:41 - [TEST_STEP][PASSED] - click: Object: 'Object Repository/ucf88_or/backoffice/createMatch_or/button_openMatch' is clicked on

2018-11-08 17:37:42 - [MESSAGE][PASSED] - Object: 'Object Repository/ucf88_or/backoffice/createMatch_or/button_openMatch' is clicked on

2018-11-08 17:37:42 - [TEST_STEP][PASSED] - delay: Delayed 1 second(s)

2018-11-08 17:37:43 - [MESSAGE][PASSED] - Delayed 1 second(s)

2018-11-08 17:37:43 - [TEST_STEP][PASSED] - waitForElementVisible: Object 'Object Repository/ucf88_or/backoffice/createMatch_or/button_agreeOpenMatch' is visible

2018-11-08 17:37:43 - [MESSAGE][PASSED] - Object 'Object Repository/ucf88_or/backoffice/createMatch_or/button_agreeOpenMatch' is visible

2018-11-08 17:37:43 - [TEST_STEP][PASSED] - delay: Delayed 1 second(s)

2018-11-08 17:37:44 - [MESSAGE][PASSED] - Delayed 1 second(s)

2018-11-08 17:37:44 - [TEST_STEP][PASSED] - click: Object: 'Object Repository/ucf88_or/backoffice/createMatch_or/button_agreeOpenMatch' is clicked on

2018-11-08 17:37:44 - [MESSAGE][PASSED] - Object: 'Object Repository/ucf88_or/backoffice/createMatch_or/button_agreeOpenMatch' is clicked on

2018-11-08 17:37:44 - [TEST_STEP][PASSED] - delay: Delayed 1 second(s)

2018-11-08 17:37:45 - [MESSAGE][PASSED] - Delayed 1 second(s)

2018-11-08 17:37:45 - [TEST_STEP][PASSED] - click: Object: 'Object Repository/ucf88_or/backoffice/riskMangement_or/span_increaseOdds' is clicked on

2018-11-08 17:37:45 - [MESSAGE][PASSED] - Object: 'Object Repository/ucf88_or/backoffice/riskMangement_or/span_increaseOdds' is clicked on

2018-11-08 17:37:45 - [TEST_STEP][PASSED] - delay: Delayed 1 second(s)

2018-11-08 17:37:46 - [MESSAGE][PASSED] - Delayed 1 second(s)

2018-11-08 17:37:46 - [TEST_STEP][PASSED] - click: Object: 'Object Repository/ucf88_or/backoffice/riskMangement_or/button_saveOddsAdjust' is clicked on

2018-11-08 17:37:46 - [MESSAGE][PASSED] - Object: 'Object Repository/ucf88_or/backoffice/riskMangement_or/button_saveOddsAdjust' is clicked on

2018-11-08 17:37:46 - [TEST_STEP][PASSED] - delay: Delayed 2 second(s)

2018-11-08 17:37:48 - [MESSAGE][PASSED] - Delayed 2 second(s)

2018-11-08 17:37:48 - [TEST_STEP][PASSED] - closeWindowIndex: Window with index 1 is closed

2018-11-08 17:37:48 - [MESSAGE][PASSED] - Window with index 1 is closed

2018-11-08 17:37:48 - [TEST_STEP][PASSED] - switchToWindowIndex: Switched to window with index: '0'

2018-11-08 17:37:48 - [MESSAGE][PASSED] - Switched to window with index: '0']]></system-out>
         <system-err><![CDATA[]]></system-err>
      </testcase>
      <testcase name="Test Cases/ucf88_tc/backoffice/odds history/oddsHistory_manual_tc" classname="Test Cases/ucf88_tc/backoffice/odds history/oddsHistory_manual_tc" status="PASSED">
         <system-out><![CDATA[2018-11-08 17:37:48 - [TEST_CASE][PASSED] - Test Cases/ucf88_tc/backoffice/odds history/oddsHistory_manual_tc: Test Cases/ucf88_tc/backoffice/odds history/oddsHistory_manual_tc

2018-11-08 17:37:49 - [TEST_STEP][PASSED] - mouseOver: Object: 'Object Repository/ucf88_or/backoffice/header_or/span_Betting' is hovered

2018-11-08 17:37:49 - [MESSAGE][PASSED] - Object: 'Object Repository/ucf88_or/backoffice/header_or/span_Betting' is hovered

2018-11-08 17:37:49 - [TEST_STEP][PASSED] - delay: Delayed 1 second(s)

2018-11-08 17:37:50 - [MESSAGE][PASSED] - Delayed 1 second(s)

2018-11-08 17:37:50 - [TEST_STEP][PASSED] - click: Object: 'Object Repository/ucf88_or/backoffice/header_or/span_oddHistory' is clicked on

2018-11-08 17:37:51 - [MESSAGE][PASSED] - Object: 'Object Repository/ucf88_or/backoffice/header_or/span_oddHistory' is clicked on

2018-11-08 17:37:51 - [TEST_STEP][PASSED] - delay: Delayed 1 second(s)

2018-11-08 17:37:52 - [MESSAGE][PASSED] - Delayed 1 second(s)

2018-11-08 17:37:52 - [TEST_STEP][PASSED] - click: Object: 'Object Repository/ucf88_or/backoffice/oddsHistory_or/span_selectArena ' is clicked on

2018-11-08 17:37:52 - [MESSAGE][PASSED] - Object: 'Object Repository/ucf88_or/backoffice/oddsHistory_or/span_selectArena ' is clicked on

2018-11-08 17:37:52 - [TEST_STEP][PASSED] - delay: Delayed 1 second(s)

2018-11-08 17:37:53 - [MESSAGE][PASSED] - Delayed 1 second(s)

2018-11-08 17:37:53 - [TEST_STEP][PASSED] - setText: Text 'ARENA_TEST - A1' is set on object 'Object Repository/ucf88_or/backoffice/oddsHistory_or/input_arenaName'

2018-11-08 17:37:53 - [MESSAGE][PASSED] - Text 'ARENA_TEST - A1' is set on object 'Object Repository/ucf88_or/backoffice/oddsHistory_or/input_arenaName'

2018-11-08 17:37:53 - [TEST_STEP][PASSED] - delay: Delayed 1 second(s)

2018-11-08 17:37:54 - [MESSAGE][PASSED] - Delayed 1 second(s)

2018-11-08 17:37:54 - [TEST_STEP][PASSED] - sendKeys: Keys 'ENTER + ' sent to object: 'Object Repository/ucf88_or/backoffice/oddsHistory_or/input_arenaName'

2018-11-08 17:37:54 - [MESSAGE][PASSED] - Keys 'ENTER + ' sent to object: 'Object Repository/ucf88_or/backoffice/oddsHistory_or/input_arenaName'

2018-11-08 17:37:54 - [TEST_STEP][PASSED] - delay: Delayed 1 second(s)

2018-11-08 17:37:55 - [MESSAGE][PASSED] - Delayed 1 second(s)

2018-11-08 17:37:55 - [TEST_STEP][PASSED] - click: Object: 'Object Repository/ucf88_or/backoffice/oddsHistory_or/span_selectMatch' is clicked on

2018-11-08 17:37:55 - [MESSAGE][PASSED] - Object: 'Object Repository/ucf88_or/backoffice/oddsHistory_or/span_selectMatch' is clicked on

2018-11-08 17:37:55 - [TEST_STEP][PASSED] - delay: Delayed 1 second(s)

2018-11-08 17:37:56 - [MESSAGE][PASSED] - Delayed 1 second(s)

2018-11-08 17:37:56 - [TEST_STEP][PASSED] - setText: Text 'F1' is set on object 'Object Repository/ucf88_or/backoffice/oddsHistory_or/input_arenaName'

2018-11-08 17:37:56 - [MESSAGE][PASSED] - Text 'F1' is set on object 'Object Repository/ucf88_or/backoffice/oddsHistory_or/input_arenaName'

2018-11-08 17:37:56 - [TEST_STEP][PASSED] - delay: Delayed 1 second(s)

2018-11-08 17:37:57 - [MESSAGE][PASSED] - Delayed 1 second(s)

2018-11-08 17:37:57 - [TEST_STEP][PASSED] - sendKeys: Keys 'ENTER + ' sent to object: 'Object Repository/ucf88_or/backoffice/oddsHistory_or/input_arenaName'

2018-11-08 17:37:57 - [MESSAGE][PASSED] - Keys 'ENTER + ' sent to object: 'Object Repository/ucf88_or/backoffice/oddsHistory_or/input_arenaName'

2018-11-08 17:37:57 - [TEST_STEP][PASSED] - delay: Delayed 1 second(s)

2018-11-08 17:37:58 - [MESSAGE][PASSED] - Delayed 1 second(s)

2018-11-08 17:37:58 - [TEST_STEP][PASSED] - click: Object: 'Object Repository/ucf88_or/backoffice/oddsHistory_or/Page_Odds History - ucf88/a_Search' is clicked on

2018-11-08 17:37:59 - [MESSAGE][PASSED] - Object: 'Object Repository/ucf88_or/backoffice/oddsHistory_or/Page_Odds History - ucf88/a_Search' is clicked on

2018-11-08 17:37:59 - [TEST_STEP][PASSED] - delay: Delayed 1 second(s)

2018-11-08 17:38:00 - [MESSAGE][PASSED] - Delayed 1 second(s)

2018-11-08 17:38:00 - [TEST_STEP][PASSED] - verifyTextPresent: Text 'ARENA_TEST - A1' is present on page 

2018-11-08 17:38:00 - [MESSAGE][PASSED] - Text 'ARENA_TEST - A1' is present on page 

2018-11-08 17:38:00 - [TEST_STEP][PASSED] - delay: Delayed 1 second(s)

2018-11-08 17:38:01 - [MESSAGE][PASSED] - Delayed 1 second(s)

2018-11-08 17:38:01 - [TEST_STEP][PASSED] - verifyElementText: Actual text and expected text of test object 'Object Repository/ucf88_or/backoffice/oddsHistory_or/oddsNew_meron' are matched.

2018-11-08 17:38:01 - [MESSAGE][PASSED] - Actual text and expected text of test object 'Object Repository/ucf88_or/backoffice/oddsHistory_or/oddsNew_meron' are matched.

2018-11-08 17:38:01 - [TEST_STEP][PASSED] - delay: Delayed 1 second(s)

2018-11-08 17:38:02 - [MESSAGE][PASSED] - Delayed 1 second(s)

2018-11-08 17:38:02 - [TEST_STEP][PASSED] - verifyElementText: Actual text and expected text of test object 'Object Repository/ucf88_or/backoffice/oddsHistory_or/oddsNew_wala' are matched.

2018-11-08 17:38:02 - [MESSAGE][PASSED] - Actual text and expected text of test object 'Object Repository/ucf88_or/backoffice/oddsHistory_or/oddsNew_wala' are matched.]]></system-out>
         <system-err><![CDATA[]]></system-err>
      </testcase>
      <system-out><![CDATA[2018-11-08 17:37:04 - [TEST_SUITE][PASSED] - oddsHistory_manual_ts: Test Cases/ucf88_tc/backoffice/odds history/oddsHistory_manual_tc]]></system-out>
      <system-err><![CDATA[]]></system-err>
   </testsuite>
</testsuites>
