<?xml version="1.0" encoding="UTF-8"?>
<testsuites name="createMatch_ts" time="36" tests="1" failures="0" errors="0">
   <testsuite name="createMatch_ts" tests="1" failures="0" errors="0" time="36" timestamp="2018-11-21 12:33:34" hostname="janine.bautista - J9" id="Test Suites/ucf88_ts/backoffice/createMatch_ts">
      <properties>
         <property name="deviceName" value=""/>
         <property name="devicePlatform" value=""/>
         <property name="logFolder" value="C:\\Users\\janine.bautista\\git\\CLICKPLAY\\Reports\\ucf88_ts\\backoffice\\createMatch_ts\\20181121_123332"/>
         <property name="logFiles" value="C:\\Users\\janine.bautista\\git\\CLICKPLAY\\Reports\\ucf88_ts\\backoffice\\createMatch_ts\\20181121_123332\\execution0.log"/>
         <property name="attachments" value=""/>
         <property name="hostName" value="janine.bautista - J9"/>
         <property name="os" value="Windows 10 64bit"/>
         <property name="katalonVersion" value="5.8.6.1"/>
         <property name="browser" value="Chrome 70.0.3538.102"/>
         <property name="hostAddress" value="172.16.8.107"/>
         <property name="sessionId" value="d5d2f44123cad96ca81f10067693f448"/>
         <property name="seleniumVersion" value="3.7.1"/>
         <property name="proxyInformation" value="ProxyInformation{proxyOption=NO_PROXY, proxyServerType=HTTP, password=, proxyServerAddress=, proxyServerPort=0}"/>
         <property name="platform" value="Windows 10"/>
      </properties>
      <testcase name="Test Cases/ucf88_tc/backoffice/createMatch/createMatch_tc" classname="Test Cases/ucf88_tc/backoffice/createMatch/createMatch_tc" status="PASSED">
         <system-out><![CDATA[2018-11-21 12:33:35 - [TEST_CASE][PASSED] - Test Cases/ucf88_tc/backoffice/createMatch/createMatch_tc: Test Cases/ucf88_tc/backoffice/createMatch/createMatch_tc

2018-11-21 12:33:35 - [TEST_STEP][PASSED] - mjpack.loginBackoffice.getLogin: mjpack.loginBackoffice.getLogin is PASSED

2018-11-21 12:33:39 - [MESSAGE][PASSED] - Browser is opened with url: ''

2018-11-21 12:33:41 - [MESSAGE][PASSED] - Navigate to 'http://dev-admin.ucf88.com/login' successfully

2018-11-21 12:33:42 - [MESSAGE][PASSED] - Current window maximized

2018-11-21 12:33:42 - [MESSAGE][PASSED] - Text 'admin' is set on object 'Object Repository/ucf88_or/backoffice/login_or/input_username_bo'

2018-11-21 12:33:42 - [MESSAGE][PASSED] - Text ****** has been set on object 'Object Repository/ucf88_or/backoffice/login_or/input_password_bo'

2018-11-21 12:33:44 - [MESSAGE][PASSED] - Object: 'Object Repository/ucf88_or/backoffice/login_or/button_login_bo' is clicked on

2018-11-21 12:33:44 - [MESSAGE][PASSED] - Object 'Object Repository/ucf88_or/backoffice/header_or/span_admin' is present

2018-11-21 12:33:44 - [MESSAGE][PASSED] - mjpack.loginBackoffice.getLogin is PASSED

2018-11-21 12:33:44 - [TEST_STEP][PASSED] - verifyElementPresent: Object 'Object Repository/ucf88_or/backoffice/header_or/span_Match' is present

2018-11-21 12:33:44 - [MESSAGE][PASSED] - Object 'Object Repository/ucf88_or/backoffice/header_or/span_Match' is present

2018-11-21 12:33:44 - [TEST_STEP][PASSED] - mouseOver: Object: 'Object Repository/ucf88_or/backoffice/header_or/span_Betting' is hovered

2018-11-21 12:33:44 - [MESSAGE][PASSED] - Object: 'Object Repository/ucf88_or/backoffice/header_or/span_Betting' is hovered

2018-11-21 12:33:44 - [TEST_STEP][PASSED] - click: Object: 'Object Repository/ucf88_or/backoffice/header_or/span_Match' is clicked on

2018-11-21 12:33:46 - [MESSAGE][PASSED] - Object: 'Object Repository/ucf88_or/backoffice/header_or/span_Match' is clicked on

2018-11-21 12:33:46 - [TEST_STEP][PASSED] - click: Object: 'Object Repository/ucf88_or/backoffice/createMatch_or/button_createMatch' is clicked on

2018-11-21 12:33:46 - [MESSAGE][PASSED] - Object: 'Object Repository/ucf88_or/backoffice/createMatch_or/button_createMatch' is clicked on

2018-11-21 12:33:46 - [TEST_STEP][PASSED] - delay: Delayed 1 second(s)

2018-11-21 12:33:47 - [MESSAGE][PASSED] - Delayed 1 second(s)

2018-11-21 12:33:47 - [TEST_STEP][PASSED] - verifyElementPresent: Object 'Object Repository/ucf88_or/backoffice/createMatch_or/text_addMatch' is present

2018-11-21 12:33:47 - [MESSAGE][PASSED] - Object 'Object Repository/ucf88_or/backoffice/createMatch_or/text_addMatch' is present

2018-11-21 12:33:47 - [TEST_STEP][PASSED] - delay: Delayed 1 second(s)

2018-11-21 12:33:48 - [MESSAGE][PASSED] - Delayed 1 second(s)

2018-11-21 12:33:48 - [TEST_STEP][PASSED] - click: Object: 'Object Repository/ucf88_or/backoffice/createMatch_or/dropdown_selectArena' is clicked on

2018-11-21 12:33:48 - [MESSAGE][PASSED] - Object: 'Object Repository/ucf88_or/backoffice/createMatch_or/dropdown_selectArena' is clicked on

2018-11-21 12:33:48 - [TEST_STEP][PASSED] - delay: Delayed 1 second(s)

2018-11-21 12:33:49 - [MESSAGE][PASSED] - Delayed 1 second(s)

2018-11-21 12:33:49 - [TEST_STEP][PASSED] - setText: Text 'ARENA_TEST1 - A1' is set on object 'Object Repository/ucf88_or/backoffice/createMatch_or/input_selectArena'

2018-11-21 12:33:49 - [MESSAGE][PASSED] - Text 'ARENA_TEST1 - A1' is set on object 'Object Repository/ucf88_or/backoffice/createMatch_or/input_selectArena'

2018-11-21 12:33:49 - [TEST_STEP][PASSED] - delay: Delayed 1 second(s)

2018-11-21 12:33:50 - [MESSAGE][PASSED] - Delayed 1 second(s)

2018-11-21 12:33:50 - [TEST_STEP][PASSED] - sendKeys: Keys 'ENTER + ' sent to object: 'Object Repository/ucf88_or/backoffice/createMatch_or/input_selectArena'

2018-11-21 12:33:50 - [MESSAGE][PASSED] - Keys 'ENTER + ' sent to object: 'Object Repository/ucf88_or/backoffice/createMatch_or/input_selectArena'

2018-11-21 12:33:50 - [TEST_STEP][PASSED] - delay: Delayed 1 second(s)

2018-11-21 12:33:51 - [MESSAGE][PASSED] - Delayed 1 second(s)

2018-11-21 12:33:52 - [TEST_STEP][PASSED] - setText: Text 'AA' is set on object 'Object Repository/ucf88_or/backoffice/createMatch_or/input_name_meron'

2018-11-21 12:33:52 - [MESSAGE][PASSED] - Text 'AA' is set on object 'Object Repository/ucf88_or/backoffice/createMatch_or/input_name_meron'

2018-11-21 12:33:52 - [TEST_STEP][PASSED] - delay: Delayed 1 second(s)

2018-11-21 12:33:53 - [MESSAGE][PASSED] - Delayed 1 second(s)

2018-11-21 12:33:53 - [TEST_STEP][PASSED] - setText: Text 'BB' is set on object 'Object Repository/ucf88_or/backoffice/createMatch_or/input_name_wala'

2018-11-21 12:33:53 - [MESSAGE][PASSED] - Text 'BB' is set on object 'Object Repository/ucf88_or/backoffice/createMatch_or/input_name_wala'

2018-11-21 12:33:53 - [TEST_STEP][PASSED] - delay: Delayed 1 second(s)

2018-11-21 12:33:54 - [MESSAGE][PASSED] - Delayed 1 second(s)

2018-11-21 12:33:54 - [TEST_STEP][PASSED] - setText: Text 'Farm 1' is set on object 'Object Repository/ucf88_or/backoffice/createMatch_or/input_farm_meron'

2018-11-21 12:33:54 - [MESSAGE][PASSED] - Text 'Farm 1' is set on object 'Object Repository/ucf88_or/backoffice/createMatch_or/input_farm_meron'

2018-11-21 12:33:54 - [TEST_STEP][PASSED] - delay: Delayed 1 second(s)

2018-11-21 12:33:55 - [MESSAGE][PASSED] - Delayed 1 second(s)

2018-11-21 12:33:55 - [TEST_STEP][PASSED] - setText: Text 'Farm 2' is set on object 'Object Repository/ucf88_or/backoffice/createMatch_or/input_farm_wala'

2018-11-21 12:33:55 - [MESSAGE][PASSED] - Text 'Farm 2' is set on object 'Object Repository/ucf88_or/backoffice/createMatch_or/input_farm_wala'

2018-11-21 12:33:55 - [TEST_STEP][PASSED] - delay: Delayed 1 second(s)

2018-11-21 12:33:56 - [MESSAGE][PASSED] - Delayed 1 second(s)

2018-11-21 12:33:56 - [TEST_STEP][PASSED] - setText: Text 'Breed 1' is set on object 'Object Repository/ucf88_or/backoffice/createMatch_or/input_breed_meron'

2018-11-21 12:33:56 - [MESSAGE][PASSED] - Text 'Breed 1' is set on object 'Object Repository/ucf88_or/backoffice/createMatch_or/input_breed_meron'

2018-11-21 12:33:56 - [TEST_STEP][PASSED] - delay: Delayed 1 second(s)

2018-11-21 12:33:57 - [MESSAGE][PASSED] - Delayed 1 second(s)

2018-11-21 12:33:57 - [TEST_STEP][PASSED] - setText: Text 'Breed 2 ' is set on object 'Object Repository/ucf88_or/backoffice/createMatch_or/input_breed_wala'

2018-11-21 12:33:58 - [MESSAGE][PASSED] - Text 'Breed 2 ' is set on object 'Object Repository/ucf88_or/backoffice/createMatch_or/input_breed_wala'

2018-11-21 12:33:58 - [TEST_STEP][PASSED] - delay: Delayed 1 second(s)

2018-11-21 12:33:59 - [MESSAGE][PASSED] - Delayed 1 second(s)

2018-11-21 12:33:59 - [TEST_STEP][PASSED] - setText: Text '10' is set on object 'Object Repository/ucf88_or/backoffice/createMatch_or/input_weight_meron'

2018-11-21 12:33:59 - [MESSAGE][PASSED] - Text '10' is set on object 'Object Repository/ucf88_or/backoffice/createMatch_or/input_weight_meron'

2018-11-21 12:33:59 - [TEST_STEP][PASSED] - delay: Delayed 1 second(s)

2018-11-21 12:34:00 - [MESSAGE][PASSED] - Delayed 1 second(s)

2018-11-21 12:34:00 - [TEST_STEP][PASSED] - setText: Text '10' is set on object 'Object Repository/ucf88_or/backoffice/createMatch_or/input_weight_wala'

2018-11-21 12:34:00 - [MESSAGE][PASSED] - Text '10' is set on object 'Object Repository/ucf88_or/backoffice/createMatch_or/input_weight_wala'

2018-11-21 12:34:00 - [TEST_STEP][PASSED] - delay: Delayed 1 second(s)

2018-11-21 12:34:01 - [MESSAGE][PASSED] - Delayed 1 second(s)

2018-11-21 12:34:01 - [TEST_STEP][PASSED] - click: Object: 'Object Repository/ucf88_or/backoffice/createMatch_or/button_submitMatch' is clicked on

2018-11-21 12:34:02 - [MESSAGE][PASSED] - Object: 'Object Repository/ucf88_or/backoffice/createMatch_or/button_submitMatch' is clicked on

2018-11-21 12:34:02 - [TEST_STEP][PASSED] - click: Object: 'Object Repository/ucf88_or/backoffice/createMatch_or/link_Clickmatch' is clicked on

2018-11-21 12:34:02 - [MESSAGE][PASSED] - Object: 'Object Repository/ucf88_or/backoffice/createMatch_or/link_Clickmatch' is clicked on

2018-11-21 12:34:02 - [TEST_STEP][PASSED] - delay: Delayed 1 second(s)

2018-11-21 12:34:03 - [MESSAGE][PASSED] - Delayed 1 second(s)

2018-11-21 12:34:03 - [TEST_STEP][PASSED] - switchToWindowIndex: Switched to window with index: '1'

2018-11-21 12:34:04 - [MESSAGE][PASSED] - Switched to window with index: '1'

2018-11-21 12:34:04 - [TEST_STEP][PASSED] - delay: Delayed 1 second(s)

2018-11-21 12:34:05 - [MESSAGE][PASSED] - Delayed 1 second(s)

2018-11-21 12:34:05 - [TEST_STEP][PASSED] - click: Object: 'Object Repository/ucf88_or/backoffice/createMatch_or/button_openMatch' is clicked on

2018-11-21 12:34:06 - [MESSAGE][PASSED] - Object: 'Object Repository/ucf88_or/backoffice/createMatch_or/button_openMatch' is clicked on

2018-11-21 12:34:06 - [TEST_STEP][PASSED] - delay: Delayed 1 second(s)

2018-11-21 12:34:07 - [MESSAGE][PASSED] - Delayed 1 second(s)

2018-11-21 12:34:07 - [TEST_STEP][PASSED] - waitForElementVisible: Object 'Object Repository/ucf88_or/backoffice/createMatch_or/button_agreeOpenMatch' is visible

2018-11-21 12:34:07 - [MESSAGE][PASSED] - Object 'Object Repository/ucf88_or/backoffice/createMatch_or/button_agreeOpenMatch' is visible

2018-11-21 12:34:07 - [TEST_STEP][PASSED] - delay: Delayed 1 second(s)

2018-11-21 12:34:08 - [MESSAGE][PASSED] - Delayed 1 second(s)

2018-11-21 12:34:08 - [TEST_STEP][PASSED] - click: Object: 'Object Repository/ucf88_or/backoffice/createMatch_or/button_agreeOpenMatch' is clicked on

2018-11-21 12:34:08 - [MESSAGE][PASSED] - Object: 'Object Repository/ucf88_or/backoffice/createMatch_or/button_agreeOpenMatch' is clicked on

2018-11-21 12:34:08 - [TEST_STEP][PASSED] - delay: Delayed 2 second(s)

2018-11-21 12:34:10 - [MESSAGE][PASSED] - Delayed 2 second(s)

2018-11-21 12:34:10 - [TEST_STEP][PASSED] - closeWindowIndex: Window with index 1 is closed

2018-11-21 12:34:10 - [MESSAGE][PASSED] - Window with index 1 is closed

2018-11-21 12:34:10 - [TEST_STEP][PASSED] - switchToWindowIndex: Switched to window with index: '0'

2018-11-21 12:34:10 - [MESSAGE][PASSED] - Switched to window with index: '0']]></system-out>
         <system-err><![CDATA[]]></system-err>
      </testcase>
      <system-out><![CDATA[2018-11-21 12:33:34 - [TEST_SUITE][PASSED] - createMatch_ts: Test Cases/ucf88_tc/backoffice/createMatch/createMatch_tc]]></system-out>
      <system-err><![CDATA[]]></system-err>
   </testsuite>
</testsuites>
