<?xml version="1.0" encoding="UTF-8"?>
<testsuites name="oddsHistory_manual_withoutMatch_ts" time="21" tests="1" failures="0" errors="0">
   <testsuite name="oddsHistory_manual_withoutMatch_ts" tests="1" failures="0" errors="0" time="21" timestamp="2018-11-13 10:21:06" hostname="janine.bautista - J9" id="Test Suites/ucf88_ts/backoffice/oddsHistory_manual_withoutMatch_ts">
      <properties>
         <property name="deviceName" value=""/>
         <property name="devicePlatform" value=""/>
         <property name="logFolder" value="C:\\Users\\janine.bautista\\git\\CLICKPLAY\\Reports\\ucf88_ts\\backoffice\\oddsHistory_manual_withoutMatch_ts\\20181113_102104"/>
         <property name="logFiles" value="C:\\Users\\janine.bautista\\git\\CLICKPLAY\\Reports\\ucf88_ts\\backoffice\\oddsHistory_manual_withoutMatch_ts\\20181113_102104\\execution0.log"/>
         <property name="attachments" value=""/>
         <property name="hostName" value="janine.bautista - J9"/>
         <property name="os" value="Windows 10 64bit"/>
         <property name="katalonVersion" value="5.8.6.1"/>
         <property name="browser" value="Chrome 70.0.3538.102"/>
         <property name="hostAddress" value="172.16.8.107"/>
         <property name="sessionId" value="2f949f662e338fddec24ebb8bb53f49c"/>
         <property name="seleniumVersion" value="3.7.1"/>
         <property name="proxyInformation" value="ProxyInformation{proxyOption=NO_PROXY, proxyServerType=HTTP, password=, proxyServerAddress=, proxyServerPort=0}"/>
         <property name="platform" value="Windows 10"/>
      </properties>
      <testcase name="Test Cases/ucf88_tc/backoffice/odds history/oddsHistory_manual_tc" classname="Test Cases/ucf88_tc/backoffice/odds history/oddsHistory_manual_tc" status="PASSED">
         <system-out><![CDATA[2018-11-13 10:21:06 - [TEST_CASE][PASSED] - Test Cases/ucf88_tc/backoffice/odds history/oddsHistory_manual_tc: Test Cases/ucf88_tc/backoffice/odds history/oddsHistory_manual_tc

2018-11-13 10:21:06 - [TEST_STEP][PASSED] - mjpack.loginBackoffice.getLogin: mjpack.loginBackoffice.getLogin is PASSED

2018-11-13 10:21:09 - [MESSAGE][PASSED] - Browser is opened with url: ''

2018-11-13 10:21:10 - [MESSAGE][PASSED] - Current window maximized

2018-11-13 10:21:11 - [MESSAGE][PASSED] - Navigate to 'http://dev-admin.ucf88.com/login' successfully

2018-11-13 10:21:11 - [MESSAGE][PASSED] - Text 'errorman' is set on object 'Object Repository/ucf88_or/backoffice/login_or/input_username_bo'

2018-11-13 10:21:11 - [MESSAGE][PASSED] - Text ****** has been set on object 'Object Repository/ucf88_or/backoffice/login_or/input_password_bo'

2018-11-13 10:21:13 - [MESSAGE][PASSED] - Object: 'Object Repository/ucf88_or/backoffice/login_or/button_login_bo' is clicked on

2018-11-13 10:21:13 - [MESSAGE][PASSED] - mjpack.loginBackoffice.getLogin is PASSED

2018-11-13 10:21:13 - [TEST_STEP][PASSED] - mouseOver: Object: 'Object Repository/ucf88_or/backoffice/header_or/span_Betting' is hovered

2018-11-13 10:21:13 - [MESSAGE][PASSED] - Object: 'Object Repository/ucf88_or/backoffice/header_or/span_Betting' is hovered

2018-11-13 10:21:13 - [TEST_STEP][PASSED] - delay: Delayed 1 second(s)

2018-11-13 10:21:14 - [MESSAGE][PASSED] - Delayed 1 second(s)

2018-11-13 10:21:14 - [TEST_STEP][PASSED] - click: Object: 'Object Repository/ucf88_or/backoffice/header_or/span_oddHistory' is clicked on

2018-11-13 10:21:15 - [MESSAGE][PASSED] - Object: 'Object Repository/ucf88_or/backoffice/header_or/span_oddHistory' is clicked on

2018-11-13 10:21:15 - [TEST_STEP][PASSED] - delay: Delayed 1 second(s)

2018-11-13 10:21:16 - [MESSAGE][PASSED] - Delayed 1 second(s)

2018-11-13 10:21:16 - [TEST_STEP][PASSED] - click: Object: 'Object Repository/ucf88_or/backoffice/oddsHistory_or/span_selectArena ' is clicked on

2018-11-13 10:21:16 - [MESSAGE][PASSED] - Object: 'Object Repository/ucf88_or/backoffice/oddsHistory_or/span_selectArena ' is clicked on

2018-11-13 10:21:16 - [TEST_STEP][PASSED] - delay: Delayed 1 second(s)

2018-11-13 10:21:17 - [MESSAGE][PASSED] - Delayed 1 second(s)

2018-11-13 10:21:17 - [TEST_STEP][PASSED] - setText: Text 'ARENA_TEST - A1' is set on object 'Object Repository/ucf88_or/backoffice/oddsHistory_or/input_arenaName'

2018-11-13 10:21:18 - [MESSAGE][PASSED] - Text 'ARENA_TEST - A1' is set on object 'Object Repository/ucf88_or/backoffice/oddsHistory_or/input_arenaName'

2018-11-13 10:21:18 - [TEST_STEP][PASSED] - delay: Delayed 1 second(s)

2018-11-13 10:21:19 - [MESSAGE][PASSED] - Delayed 1 second(s)

2018-11-13 10:21:19 - [TEST_STEP][PASSED] - sendKeys: Keys 'ENTER + ' sent to object: 'Object Repository/ucf88_or/backoffice/oddsHistory_or/input_arenaName'

2018-11-13 10:21:19 - [MESSAGE][PASSED] - Keys 'ENTER + ' sent to object: 'Object Repository/ucf88_or/backoffice/oddsHistory_or/input_arenaName'

2018-11-13 10:21:19 - [TEST_STEP][PASSED] - delay: Delayed 1 second(s)

2018-11-13 10:21:20 - [MESSAGE][PASSED] - Delayed 1 second(s)

2018-11-13 10:21:20 - [TEST_STEP][PASSED] - click: Object: 'Object Repository/ucf88_or/backoffice/oddsHistory_or/span_selectMatch' is clicked on

2018-11-13 10:21:20 - [MESSAGE][PASSED] - Object: 'Object Repository/ucf88_or/backoffice/oddsHistory_or/span_selectMatch' is clicked on

2018-11-13 10:21:20 - [TEST_STEP][PASSED] - delay: Delayed 1 second(s)

2018-11-13 10:21:21 - [MESSAGE][PASSED] - Delayed 1 second(s)

2018-11-13 10:21:21 - [TEST_STEP][PASSED] - setText: Text 'F1' is set on object 'Object Repository/ucf88_or/backoffice/oddsHistory_or/input__selectMatch'

2018-11-13 10:21:21 - [MESSAGE][PASSED] - Text 'F1' is set on object 'Object Repository/ucf88_or/backoffice/oddsHistory_or/input__selectMatch'

2018-11-13 10:21:21 - [TEST_STEP][PASSED] - delay: Delayed 1 second(s)

2018-11-13 10:21:22 - [MESSAGE][PASSED] - Delayed 1 second(s)

2018-11-13 10:21:22 - [TEST_STEP][PASSED] - sendKeys: Keys 'ENTER + ' sent to object: 'Object Repository/ucf88_or/backoffice/oddsHistory_or/input__selectMatch'

2018-11-13 10:21:22 - [MESSAGE][PASSED] - Keys 'ENTER + ' sent to object: 'Object Repository/ucf88_or/backoffice/oddsHistory_or/input__selectMatch'

2018-11-13 10:21:22 - [TEST_STEP][PASSED] - delay: Delayed 1 second(s)

2018-11-13 10:21:23 - [MESSAGE][PASSED] - Delayed 1 second(s)

2018-11-13 10:21:23 - [TEST_STEP][PASSED] - click: Object: 'Object Repository/ucf88_or/backoffice/oddsHistory_or/click_search' is clicked on

2018-11-13 10:21:23 - [MESSAGE][PASSED] - Object: 'Object Repository/ucf88_or/backoffice/oddsHistory_or/click_search' is clicked on

2018-11-13 10:21:23 - [TEST_STEP][PASSED] - delay: Delayed 1 second(s)

2018-11-13 10:21:24 - [MESSAGE][PASSED] - Delayed 1 second(s)

2018-11-13 10:21:24 - [TEST_STEP][PASSED] - verifyTextPresent: Text 'ARENA_TEST - A1' is present on page 

2018-11-13 10:21:24 - [MESSAGE][PASSED] - Text 'ARENA_TEST - A1' is present on page 

2018-11-13 10:21:24 - [TEST_STEP][PASSED] - delay: Delayed 1 second(s)

2018-11-13 10:21:25 - [MESSAGE][PASSED] - Delayed 1 second(s)

2018-11-13 10:21:25 - [TEST_STEP][PASSED] - verifyElementText: Actual text and expected text of test object 'Object Repository/ucf88_or/backoffice/oddsHistory_or/oddsNew_meron' are matched.

2018-11-13 10:21:25 - [MESSAGE][PASSED] - Actual text and expected text of test object 'Object Repository/ucf88_or/backoffice/oddsHistory_or/oddsNew_meron' are matched.

2018-11-13 10:21:25 - [TEST_STEP][PASSED] - delay: Delayed 1 second(s)

2018-11-13 10:21:26 - [MESSAGE][PASSED] - Delayed 1 second(s)

2018-11-13 10:21:26 - [TEST_STEP][PASSED] - verifyElementText: Actual text and expected text of test object 'Object Repository/ucf88_or/backoffice/oddsHistory_or/oddsNew_wala' are matched.

2018-11-13 10:21:26 - [MESSAGE][PASSED] - Actual text and expected text of test object 'Object Repository/ucf88_or/backoffice/oddsHistory_or/oddsNew_wala' are matched.]]></system-out>
         <system-err><![CDATA[]]></system-err>
      </testcase>
      <system-out><![CDATA[2018-11-13 10:21:06 - [TEST_SUITE][PASSED] - oddsHistory_manual_withoutMatch_ts: Test Cases/ucf88_tc/backoffice/odds history/oddsHistory_manual_tc]]></system-out>
      <system-err><![CDATA[]]></system-err>
   </testsuite>
</testsuites>
