<?xml version="1.0" encoding="UTF-8"?>
<testsuites name="createMatch_ts" time="35" tests="1" failures="0" errors="0">
   <testsuite name="createMatch_ts" tests="1" failures="0" errors="0" time="35" timestamp="2018-11-08 11:33:57" hostname="janine.bautista - J9" id="Test Suites/ucf88_ts/backoffice/createMatch_ts">
      <properties>
         <property name="deviceName" value=""/>
         <property name="devicePlatform" value=""/>
         <property name="logFolder" value="C:\\Users\\janine.bautista\\git\\CLICKPLAY\\Reports\\ucf88_ts\\backoffice\\createMatch_ts\\20181108_113356"/>
         <property name="logFiles" value="C:\\Users\\janine.bautista\\git\\CLICKPLAY\\Reports\\ucf88_ts\\backoffice\\createMatch_ts\\20181108_113356\\execution0.log"/>
         <property name="attachments" value=""/>
         <property name="hostName" value="janine.bautista - J9"/>
         <property name="os" value="Windows 10 64bit"/>
         <property name="katalonVersion" value="5.8.6.1"/>
         <property name="browser" value="Chrome 70.0.3538.77"/>
         <property name="hostAddress" value="172.16.8.107"/>
         <property name="sessionId" value="65cbe320df49db255a7f4abe160ce4b6"/>
         <property name="seleniumVersion" value="3.7.1"/>
         <property name="proxyInformation" value="ProxyInformation{proxyOption=NO_PROXY, proxyServerType=HTTP, password=, proxyServerAddress=, proxyServerPort=0}"/>
         <property name="platform" value="Windows 10"/>
      </properties>
      <testcase name="Test Cases/ucf88_tc/backoffice/createMatch/createMatch_tc" classname="Test Cases/ucf88_tc/backoffice/createMatch/createMatch_tc" status="PASSED">
         <system-out><![CDATA[2018-11-08 11:33:58 - [TEST_CASE][PASSED] - Test Cases/ucf88_tc/backoffice/createMatch/createMatch_tc: Test Cases/ucf88_tc/backoffice/createMatch/createMatch_tc

2018-11-08 11:33:58 - [TEST_STEP][PASSED] - errpack.loginBackoffice.getLogin: errpack.loginBackoffice.getLogin is PASSED

2018-11-08 11:34:01 - [MESSAGE][PASSED] - Browser is opened with url: ''

2018-11-08 11:34:02 - [MESSAGE][PASSED] - Current window maximized

2018-11-08 11:34:03 - [MESSAGE][PASSED] - Navigate to 'http://dev-admin.ucf88.com/login' successfully

2018-11-08 11:34:04 - [MESSAGE][PASSED] - Text 'errorman' is set on object 'Object Repository/ucf88_or/backoffice/login_or/input_username_bo'

2018-11-08 11:34:04 - [MESSAGE][PASSED] - Text ****** has been set on object 'Object Repository/ucf88_or/backoffice/login_or/input_password_bo'

2018-11-08 11:34:06 - [MESSAGE][PASSED] - Object: 'Object Repository/ucf88_or/backoffice/login_or/button_login_bo' is clicked on

2018-11-08 11:34:06 - [MESSAGE][PASSED] - errpack.loginBackoffice.getLogin is PASSED

2018-11-08 11:34:06 - [TEST_STEP][PASSED] - verifyElementPresent: Object 'Object Repository/ucf88_or/backoffice/header_or/span_Match' is present

2018-11-08 11:34:06 - [MESSAGE][PASSED] - Object 'Object Repository/ucf88_or/backoffice/header_or/span_Match' is present

2018-11-08 11:34:06 - [TEST_STEP][PASSED] - mouseOver: Object: 'Object Repository/ucf88_or/backoffice/header_or/span_Betting' is hovered

2018-11-08 11:34:06 - [MESSAGE][PASSED] - Object: 'Object Repository/ucf88_or/backoffice/header_or/span_Betting' is hovered

2018-11-08 11:34:06 - [TEST_STEP][PASSED] - click: Object: 'Object Repository/ucf88_or/backoffice/header_or/span_Match' is clicked on

2018-11-08 11:34:07 - [MESSAGE][PASSED] - Object: 'Object Repository/ucf88_or/backoffice/header_or/span_Match' is clicked on

2018-11-08 11:34:07 - [TEST_STEP][PASSED] - click: Object: 'Object Repository/ucf88_or/backoffice/createMatch_or/button_createMatch' is clicked on

2018-11-08 11:34:07 - [MESSAGE][PASSED] - Object: 'Object Repository/ucf88_or/backoffice/createMatch_or/button_createMatch' is clicked on

2018-11-08 11:34:07 - [TEST_STEP][PASSED] - delay: Delayed 1 second(s)

2018-11-08 11:34:08 - [MESSAGE][PASSED] - Delayed 1 second(s)

2018-11-08 11:34:08 - [TEST_STEP][PASSED] - verifyElementPresent: Object 'Object Repository/ucf88_or/backoffice/createMatch_or/text_addMatch' is present

2018-11-08 11:34:08 - [MESSAGE][PASSED] - Object 'Object Repository/ucf88_or/backoffice/createMatch_or/text_addMatch' is present

2018-11-08 11:34:08 - [TEST_STEP][PASSED] - delay: Delayed 1 second(s)

2018-11-08 11:34:09 - [MESSAGE][PASSED] - Delayed 1 second(s)

2018-11-08 11:34:09 - [TEST_STEP][PASSED] - click: Object: 'Object Repository/ucf88_or/backoffice/createMatch_or/dropdown_selectArena' is clicked on

2018-11-08 11:34:09 - [MESSAGE][PASSED] - Object: 'Object Repository/ucf88_or/backoffice/createMatch_or/dropdown_selectArena' is clicked on

2018-11-08 11:34:09 - [TEST_STEP][PASSED] - delay: Delayed 1 second(s)

2018-11-08 11:34:10 - [MESSAGE][PASSED] - Delayed 1 second(s)

2018-11-08 11:34:10 - [TEST_STEP][PASSED] - setText: Text 'Arena_Test - A1' is set on object 'Object Repository/ucf88_or/backoffice/createMatch_or/input_selectArena'

2018-11-08 11:34:10 - [MESSAGE][PASSED] - Text 'Arena_Test - A1' is set on object 'Object Repository/ucf88_or/backoffice/createMatch_or/input_selectArena'

2018-11-08 11:34:10 - [TEST_STEP][PASSED] - delay: Delayed 1 second(s)

2018-11-08 11:34:11 - [MESSAGE][PASSED] - Delayed 1 second(s)

2018-11-08 11:34:11 - [TEST_STEP][PASSED] - sendKeys: Keys 'ENTER + ' sent to object: 'Object Repository/ucf88_or/backoffice/createMatch_or/input_selectArena'

2018-11-08 11:34:11 - [MESSAGE][PASSED] - Keys 'ENTER + ' sent to object: 'Object Repository/ucf88_or/backoffice/createMatch_or/input_selectArena'

2018-11-08 11:34:11 - [TEST_STEP][PASSED] - delay: Delayed 1 second(s)

2018-11-08 11:34:12 - [MESSAGE][PASSED] - Delayed 1 second(s)

2018-11-08 11:34:12 - [TEST_STEP][PASSED] - setText: Text 'AA' is set on object 'Object Repository/ucf88_or/backoffice/createMatch_or/input_name_meron'

2018-11-08 11:34:12 - [MESSAGE][PASSED] - Text 'AA' is set on object 'Object Repository/ucf88_or/backoffice/createMatch_or/input_name_meron'

2018-11-08 11:34:12 - [TEST_STEP][PASSED] - delay: Delayed 1 second(s)

2018-11-08 11:34:13 - [MESSAGE][PASSED] - Delayed 1 second(s)

2018-11-08 11:34:13 - [TEST_STEP][PASSED] - setText: Text 'BB' is set on object 'Object Repository/ucf88_or/backoffice/createMatch_or/input_name_wala'

2018-11-08 11:34:14 - [MESSAGE][PASSED] - Text 'BB' is set on object 'Object Repository/ucf88_or/backoffice/createMatch_or/input_name_wala'

2018-11-08 11:34:14 - [TEST_STEP][PASSED] - delay: Delayed 1 second(s)

2018-11-08 11:34:15 - [MESSAGE][PASSED] - Delayed 1 second(s)

2018-11-08 11:34:15 - [TEST_STEP][PASSED] - setText: Text 'Farm 1' is set on object 'Object Repository/ucf88_or/backoffice/createMatch_or/input_farm_meron'

2018-11-08 11:34:15 - [MESSAGE][PASSED] - Text 'Farm 1' is set on object 'Object Repository/ucf88_or/backoffice/createMatch_or/input_farm_meron'

2018-11-08 11:34:15 - [TEST_STEP][PASSED] - delay: Delayed 1 second(s)

2018-11-08 11:34:16 - [MESSAGE][PASSED] - Delayed 1 second(s)

2018-11-08 11:34:16 - [TEST_STEP][PASSED] - setText: Text 'Farm 2' is set on object 'Object Repository/ucf88_or/backoffice/createMatch_or/input_farm_wala'

2018-11-08 11:34:16 - [MESSAGE][PASSED] - Text 'Farm 2' is set on object 'Object Repository/ucf88_or/backoffice/createMatch_or/input_farm_wala'

2018-11-08 11:34:16 - [TEST_STEP][PASSED] - delay: Delayed 1 second(s)

2018-11-08 11:34:17 - [MESSAGE][PASSED] - Delayed 1 second(s)

2018-11-08 11:34:17 - [TEST_STEP][PASSED] - setText: Text 'Breed 1' is set on object 'Object Repository/ucf88_or/backoffice/createMatch_or/input_breed_meron'

2018-11-08 11:34:17 - [MESSAGE][PASSED] - Text 'Breed 1' is set on object 'Object Repository/ucf88_or/backoffice/createMatch_or/input_breed_meron'

2018-11-08 11:34:17 - [TEST_STEP][PASSED] - delay: Delayed 1 second(s)

2018-11-08 11:34:18 - [MESSAGE][PASSED] - Delayed 1 second(s)

2018-11-08 11:34:18 - [TEST_STEP][PASSED] - setText: Text 'Breed 2 ' is set on object 'Object Repository/ucf88_or/backoffice/createMatch_or/input_breed_wala'

2018-11-08 11:34:18 - [MESSAGE][PASSED] - Text 'Breed 2 ' is set on object 'Object Repository/ucf88_or/backoffice/createMatch_or/input_breed_wala'

2018-11-08 11:34:18 - [TEST_STEP][PASSED] - delay: Delayed 1 second(s)

2018-11-08 11:34:19 - [MESSAGE][PASSED] - Delayed 1 second(s)

2018-11-08 11:34:19 - [TEST_STEP][PASSED] - setText: Text '10' is set on object 'Object Repository/ucf88_or/backoffice/createMatch_or/input_weight_meron'

2018-11-08 11:34:19 - [MESSAGE][PASSED] - Text '10' is set on object 'Object Repository/ucf88_or/backoffice/createMatch_or/input_weight_meron'

2018-11-08 11:34:19 - [TEST_STEP][PASSED] - delay: Delayed 1 second(s)

2018-11-08 11:34:20 - [MESSAGE][PASSED] - Delayed 1 second(s)

2018-11-08 11:34:20 - [TEST_STEP][PASSED] - setText: Text '10' is set on object 'Object Repository/ucf88_or/backoffice/createMatch_or/input_weight_wala'

2018-11-08 11:34:21 - [MESSAGE][PASSED] - Text '10' is set on object 'Object Repository/ucf88_or/backoffice/createMatch_or/input_weight_wala'

2018-11-08 11:34:21 - [TEST_STEP][PASSED] - delay: Delayed 1 second(s)

2018-11-08 11:34:22 - [MESSAGE][PASSED] - Delayed 1 second(s)

2018-11-08 11:34:22 - [TEST_STEP][PASSED] - click: Object: 'Object Repository/ucf88_or/backoffice/createMatch_or/button_submitMatch' is clicked on

2018-11-08 11:34:22 - [MESSAGE][PASSED] - Object: 'Object Repository/ucf88_or/backoffice/createMatch_or/button_submitMatch' is clicked on

2018-11-08 11:34:22 - [TEST_STEP][PASSED] - click: Object: 'Object Repository/ucf88_or/backoffice/createMatch_or/link_Clickmatch' is clicked on

2018-11-08 11:34:23 - [MESSAGE][PASSED] - Object: 'Object Repository/ucf88_or/backoffice/createMatch_or/link_Clickmatch' is clicked on

2018-11-08 11:34:23 - [TEST_STEP][PASSED] - delay: Delayed 1 second(s)

2018-11-08 11:34:24 - [MESSAGE][PASSED] - Delayed 1 second(s)

2018-11-08 11:34:24 - [TEST_STEP][PASSED] - switchToWindowIndex: Switched to window with index: '1'

2018-11-08 11:34:24 - [MESSAGE][PASSED] - Switched to window with index: '1'

2018-11-08 11:34:24 - [TEST_STEP][PASSED] - delay: Delayed 1 second(s)

2018-11-08 11:34:25 - [MESSAGE][PASSED] - Delayed 1 second(s)

2018-11-08 11:34:25 - [TEST_STEP][PASSED] - click: Object: 'Object Repository/ucf88_or/backoffice/createMatch_or/button_openMatch' is clicked on

2018-11-08 11:34:26 - [MESSAGE][PASSED] - Object: 'Object Repository/ucf88_or/backoffice/createMatch_or/button_openMatch' is clicked on

2018-11-08 11:34:26 - [TEST_STEP][PASSED] - delay: Delayed 1 second(s)

2018-11-08 11:34:27 - [MESSAGE][PASSED] - Delayed 1 second(s)

2018-11-08 11:34:27 - [TEST_STEP][PASSED] - waitForElementVisible: Object 'Object Repository/ucf88_or/backoffice/createMatch_or/button_agreeOpenMatch' is visible

2018-11-08 11:34:27 - [MESSAGE][PASSED] - Object 'Object Repository/ucf88_or/backoffice/createMatch_or/button_agreeOpenMatch' is visible

2018-11-08 11:34:27 - [TEST_STEP][PASSED] - delay: Delayed 1 second(s)

2018-11-08 11:34:28 - [MESSAGE][PASSED] - Delayed 1 second(s)

2018-11-08 11:34:28 - [TEST_STEP][PASSED] - click: Object: 'Object Repository/ucf88_or/backoffice/createMatch_or/button_agreeOpenMatch' is clicked on

2018-11-08 11:34:28 - [MESSAGE][PASSED] - Object: 'Object Repository/ucf88_or/backoffice/createMatch_or/button_agreeOpenMatch' is clicked on

2018-11-08 11:34:28 - [TEST_STEP][PASSED] - delay: Delayed 1 second(s)

2018-11-08 11:34:29 - [MESSAGE][PASSED] - Delayed 1 second(s)

2018-11-08 11:34:29 - [TEST_STEP][PASSED] - click: Object: 'Object Repository/ucf88_or/backoffice/riskMangement_or/span_increaseOdds' is clicked on

2018-11-08 11:34:29 - [MESSAGE][PASSED] - Object: 'Object Repository/ucf88_or/backoffice/riskMangement_or/span_increaseOdds' is clicked on

2018-11-08 11:34:29 - [TEST_STEP][PASSED] - delay: Delayed 1 second(s)

2018-11-08 11:34:30 - [MESSAGE][PASSED] - Delayed 1 second(s)

2018-11-08 11:34:30 - [TEST_STEP][PASSED] - click: Object: 'Object Repository/ucf88_or/backoffice/riskMangement_or/button_saveOddsAdjust' is clicked on

2018-11-08 11:34:30 - [MESSAGE][PASSED] - Object: 'Object Repository/ucf88_or/backoffice/riskMangement_or/button_saveOddsAdjust' is clicked on

2018-11-08 11:34:30 - [TEST_STEP][PASSED] - delay: Delayed 2 second(s)

2018-11-08 11:34:32 - [MESSAGE][PASSED] - Delayed 2 second(s)

2018-11-08 11:34:32 - [TEST_STEP][PASSED] - closeWindowIndex: Window with index 1 is closed

2018-11-08 11:34:32 - [MESSAGE][PASSED] - Window with index 1 is closed

2018-11-08 11:34:32 - [TEST_STEP][PASSED] - switchToWindowIndex: Switched to window with index: '0'

2018-11-08 11:34:32 - [MESSAGE][PASSED] - Switched to window with index: '0']]></system-out>
         <system-err><![CDATA[]]></system-err>
      </testcase>
      <system-out><![CDATA[2018-11-08 11:33:57 - [TEST_SUITE][PASSED] - createMatch_ts: Test Cases/ucf88_tc/backoffice/createMatch/createMatch_tc]]></system-out>
      <system-err><![CDATA[]]></system-err>
   </testsuite>
</testsuites>
